This file contains any messages produced by compilers while
running configure, to aid debugging if configure makes a mistake.

It was created by cumbia configure 0.1.0, which was
generated by GNU Autoconf 2.69.  Invocation command line was

  $ ./configure --prefix=/usr/local --includedir=/usr/local/include/cumbia

## --------- ##
## Platform. ##
## --------- ##

hostname = woody
uname -m = x86_64
uname -r = 4.11.3-gentoo-20170308
uname -s = Linux
uname -v = #2 SMP Mon Jun 12 11:49:09 CEST 2017

/usr/bin/uname -p = Intel(R) Core(TM) i7-3770 CPU @ 3.40GHz
/bin/uname -X     = unknown

/bin/arch              = unknown
/usr/bin/arch -k       = unknown
/usr/convex/getsysinfo = unknown
/usr/bin/hostinfo      = unknown
/bin/machine           = unknown
/usr/bin/oslevel       = unknown
/bin/universe          = unknown

PATH: /usr/lib64/qt5/bin
PATH: /usr/x86_64-pc-linux-gnu/gcc-bin/6.4.0
PATH: /usr/lib/llvm/5/bin
PATH: /usr/local/bin
PATH: /usr/bin
PATH: /bin
PATH: /opt/bin
PATH: /usr/local/tango-9.2.5a/bin
PATH: /usr/local/omniorb-4.1.6/bin
PATH: /runtime/fermi/panels/bin
PATH: /runtime/bin
PATH: /runtime/elettra/bin
PATH: .
PATH: /home/giacomo/devel/epics/base-3.16.1/bin/linux-x86_64
PATH: /home/giacomo/devel/android-sdks/tools
PATH: /home/giacomo/devel/android-sdks/platform-tools


## ----------- ##
## Core tests. ##
## ----------- ##

configure:2595: checking build system type
configure:2609: result: x86_64-pc-linux-gnu
configure:2629: checking host system type
configure:2642: result: x86_64-pc-linux-gnu
configure:2683: checking how to print strings
configure:2710: result: printf
configure:2782: checking for gcc
configure:2798: found /usr/x86_64-pc-linux-gnu/gcc-bin/6.4.0/gcc
configure:2809: result: gcc
configure:3038: checking for C compiler version
configure:3047: gcc --version >&5
gcc (Gentoo 6.4.0 p1.0) 6.4.0
Copyright (C) 2017 Free Software Foundation, Inc.
This is free software; see the source for copying conditions.  There is NO
warranty; not even for MERCHANTABILITY or FITNESS FOR A PARTICULAR PURPOSE.

configure:3058: $? = 0
configure:3047: gcc -v >&5
Using built-in specs.
COLLECT_GCC=gcc
COLLECT_LTO_WRAPPER=/usr/libexec/gcc/x86_64-pc-linux-gnu/6.4.0/lto-wrapper
Target: x86_64-pc-linux-gnu
Configured with: /var/tmp/portage/sys-devel/gcc-6.4.0/work/gcc-6.4.0/configure --host=x86_64-pc-linux-gnu --build=x86_64-pc-linux-gnu --prefix=/usr --bindir=/usr/x86_64-pc-linux-gnu/gcc-bin/6.4.0 --includedir=/usr/lib/gcc/x86_64-pc-linux-gnu/6.4.0/include --datadir=/usr/share/gcc-data/x86_64-pc-linux-gnu/6.4.0 --mandir=/usr/share/gcc-data/x86_64-pc-linux-gnu/6.4.0/man --infodir=/usr/share/gcc-data/x86_64-pc-linux-gnu/6.4.0/info --with-gxx-include-dir=/usr/lib/gcc/x86_64-pc-linux-gnu/6.4.0/include/g++-v6 --with-python-dir=/share/gcc-data/x86_64-pc-linux-gnu/6.4.0/python --enable-languages=c,c++,fortran --enable-obsolete --enable-secureplt --disable-werror --with-system-zlib --enable-nls --without-included-gettext --enable-checking=release --with-bugurl=https://bugs.gentoo.org/ --with-pkgversion='Gentoo 6.4.0 p1.0' --disable-esp --enable-libstdcxx-time --enable-shared --enable-threads=posix --enable-__cxa_atexit --enable-clocale=gnu --enable-multilib --with-multilib-list=m32,m64 --disable-altivec --disable-fixed-point --enable-targets=all --disable-libgcj --enable-libgomp --disable-libmudflap --disable-libssp --disable-libcilkrts --disable-libmpx --enable-vtable-verify --enable-libvtv --enable-lto --without-isl --enable-libsanitizer --disable-default-pie --enable-default-ssp
Thread model: posix
gcc version 6.4.0 (Gentoo 6.4.0 p1.0) 
configure:3058: $? = 0
configure:3047: gcc -V >&5
gcc: error: unrecognized command line option '-V'
gcc: fatal error: no input files
compilation terminated.
configure:3058: $? = 1
configure:3047: gcc -qversion >&5
gcc: error: unrecognized command line option '-qversion'; did you mean '--version'?
gcc: fatal error: no input files
compilation terminated.
configure:3058: $? = 1
configure:3078: checking whether the C compiler works
configure:3100: gcc    conftest.c  >&5
configure:3104: $? = 0
configure:3152: result: yes
configure:3155: checking for C compiler default output file name
configure:3157: result: a.out
configure:3163: checking for suffix of executables
configure:3170: gcc -o conftest    conftest.c  >&5
configure:3174: $? = 0
configure:3196: result: 
configure:3218: checking whether we are cross compiling
configure:3226: gcc -o conftest    conftest.c  >&5
configure:3230: $? = 0
configure:3237: ./conftest
configure:3241: $? = 0
configure:3256: result: no
configure:3261: checking for suffix of object files
configure:3283: gcc -c   conftest.c >&5
configure:3287: $? = 0
configure:3308: result: o
configure:3312: checking whether we are using the GNU C compiler
configure:3331: gcc -c   conftest.c >&5
configure:3331: $? = 0
configure:3340: result: yes
configure:3349: checking whether gcc accepts -g
configure:3369: gcc -c -g  conftest.c >&5
configure:3369: $? = 0
configure:3410: result: yes
configure:3427: checking for gcc option to accept ISO C89
configure:3490: gcc  -c -g -O2  conftest.c >&5
configure:3490: $? = 0
configure:3503: result: none needed
configure:3528: checking whether gcc understands -c and -o together
configure:3550: gcc -c conftest.c -o conftest2.o
configure:3553: $? = 0
configure:3550: gcc -c conftest.c -o conftest2.o
configure:3553: $? = 0
configure:3565: result: yes
configure:3582: checking for a sed that does not truncate output
configure:3646: result: /bin/sed
configure:3664: checking for grep that handles long lines and -e
configure:3722: result: /bin/grep
configure:3727: checking for egrep
configure:3789: result: /bin/grep -E
configure:3794: checking for fgrep
configure:3856: result: /bin/grep -F
configure:3891: checking for ld used by gcc
configure:3958: result: /usr/x86_64-pc-linux-gnu/bin/ld
configure:3965: checking if the linker (/usr/x86_64-pc-linux-gnu/bin/ld) is GNU ld
configure:3980: result: yes
configure:3992: checking for BSD- or MS-compatible name lister (nm)
configure:4046: result: /usr/bin/nm -B
configure:4176: checking the name lister (/usr/bin/nm -B) interface
configure:4183: gcc -c -g -O2  conftest.c >&5
configure:4186: /usr/bin/nm -B "conftest.o"
configure:4189: output
0000000000000000 B some_variable
configure:4196: result: BSD nm
configure:4199: checking whether ln -s works
configure:4203: result: yes
configure:4211: checking the maximum length of command line arguments
configure:4347: result: 1572864
configure:4395: checking how to convert x86_64-pc-linux-gnu file names to x86_64-pc-linux-gnu format
configure:4435: result: func_convert_file_noop
configure:4442: checking how to convert x86_64-pc-linux-gnu file names to toolchain format
configure:4462: result: func_convert_file_noop
configure:4469: checking for /usr/x86_64-pc-linux-gnu/bin/ld option to reload object files
configure:4476: result: -r
configure:4550: checking for objdump
configure:4566: found /usr/bin/objdump
configure:4577: result: objdump
configure:4609: checking how to recognize dependent libraries
configure:4809: result: pass_all
configure:4894: checking for dlltool
configure:4924: result: no
configure:4954: checking how to associate runtime and link libraries
configure:4981: result: printf %s\n
configure:5042: checking for ar
configure:5058: found /usr/bin/ar
configure:5069: result: ar
configure:5106: checking for archiver @FILE support
configure:5123: gcc -c -g -O2  conftest.c >&5
configure:5123: $? = 0
configure:5126: ar cru libconftest.a @conftest.lst >&5
configure:5129: $? = 0
configure:5134: ar cru libconftest.a @conftest.lst >&5
ar: conftest.o: No such file or directory
configure:5137: $? = 1
configure:5149: result: @
configure:5207: checking for strip
configure:5223: found /usr/bin/strip
configure:5234: result: strip
configure:5306: checking for ranlib
configure:5322: found /usr/bin/ranlib
configure:5333: result: ranlib
configure:5410: checking for gawk
configure:5426: found /usr/bin/gawk
configure:5437: result: gawk
configure:5477: checking command to parse /usr/bin/nm -B output from gcc object
configure:5630: gcc -c -g -O2  conftest.c >&5
configure:5633: $? = 0
configure:5637: /usr/bin/nm -B conftest.o \| sed -n -e 's/^.*[ ]\([ABCDGIRSTW][ABCDGIRSTW]*\)[ ][ ]*\([_A-Za-z][_A-Za-z0-9]*\)$/\1 \2 \2/p' | sed '/ __gnu_lto/d' \> conftest.nm
configure:5640: $? = 0
configure:5706: gcc -o conftest -g -O2   conftest.c conftstm.o >&5
configure:5709: $? = 0
configure:5747: result: ok
configure:5794: checking for sysroot
configure:5824: result: no
configure:5831: checking for a working dd
configure:5869: result: /bin/dd
configure:5873: checking how to truncate binary pipes
configure:5888: result: /bin/dd bs=4096 count=1
configure:6024: gcc -c -g -O2  conftest.c >&5
configure:6027: $? = 0
configure:6217: checking for mt
configure:6247: result: no
configure:6267: checking if : is a manifest tool
configure:6273: : '-?'
configure:6281: result: no
configure:6958: checking how to run the C preprocessor
configure:6989: gcc -E  conftest.c
configure:6989: $? = 0
configure:7003: gcc -E  conftest.c
conftest.c:9:28: fatal error: ac_nonexistent.h: No such file or directory
 #include <ac_nonexistent.h>
                            ^
compilation terminated.
configure:7003: $? = 1
configure: failed program was:
| /* confdefs.h */
| #define PACKAGE_NAME "cumbia"
| #define PACKAGE_TARNAME "cumbia"
| #define PACKAGE_VERSION "0.1.0"
| #define PACKAGE_STRING "cumbia 0.1.0"
| #define PACKAGE_BUGREPORT "giacomo.strangolino@elettra.trieste.it"
| #define PACKAGE_URL ""
| /* end confdefs.h.  */
| #include <ac_nonexistent.h>
configure:7028: result: gcc -E
configure:7048: gcc -E  conftest.c
configure:7048: $? = 0
configure:7062: gcc -E  conftest.c
conftest.c:9:28: fatal error: ac_nonexistent.h: No such file or directory
 #include <ac_nonexistent.h>
                            ^
compilation terminated.
configure:7062: $? = 1
configure: failed program was:
| /* confdefs.h */
| #define PACKAGE_NAME "cumbia"
| #define PACKAGE_TARNAME "cumbia"
| #define PACKAGE_VERSION "0.1.0"
| #define PACKAGE_STRING "cumbia 0.1.0"
| #define PACKAGE_BUGREPORT "giacomo.strangolino@elettra.trieste.it"
| #define PACKAGE_URL ""
| /* end confdefs.h.  */
| #include <ac_nonexistent.h>
configure:7091: checking for ANSI C header files
configure:7111: gcc -c -g -O2  conftest.c >&5
configure:7111: $? = 0
configure:7184: gcc -o conftest -g -O2   conftest.c  >&5
configure:7184: $? = 0
configure:7184: ./conftest
configure:7184: $? = 0
configure:7195: result: yes
configure:7208: checking for sys/types.h
configure:7208: gcc -c -g -O2  conftest.c >&5
configure:7208: $? = 0
configure:7208: result: yes
configure:7208: checking for sys/stat.h
configure:7208: gcc -c -g -O2  conftest.c >&5
configure:7208: $? = 0
configure:7208: result: yes
configure:7208: checking for stdlib.h
configure:7208: gcc -c -g -O2  conftest.c >&5
configure:7208: $? = 0
configure:7208: result: yes
configure:7208: checking for string.h
configure:7208: gcc -c -g -O2  conftest.c >&5
configure:7208: $? = 0
configure:7208: result: yes
configure:7208: checking for memory.h
configure:7208: gcc -c -g -O2  conftest.c >&5
configure:7208: $? = 0
configure:7208: result: yes
configure:7208: checking for strings.h
configure:7208: gcc -c -g -O2  conftest.c >&5
configure:7208: $? = 0
configure:7208: result: yes
configure:7208: checking for inttypes.h
configure:7208: gcc -c -g -O2  conftest.c >&5
configure:7208: $? = 0
configure:7208: result: yes
configure:7208: checking for stdint.h
configure:7208: gcc -c -g -O2  conftest.c >&5
configure:7208: $? = 0
configure:7208: result: yes
configure:7208: checking for unistd.h
configure:7208: gcc -c -g -O2  conftest.c >&5
configure:7208: $? = 0
configure:7208: result: yes
configure:7222: checking for dlfcn.h
configure:7222: gcc -c -g -O2  conftest.c >&5
configure:7222: $? = 0
configure:7222: result: yes
configure:7448: checking for objdir
configure:7463: result: .libs
configure:7727: checking if gcc supports -fno-rtti -fno-exceptions
configure:7745: gcc -c -g -O2  -fno-rtti -fno-exceptions conftest.c >&5
cc1: warning: command line option '-fno-rtti' is valid for C++/ObjC++ but not for C
configure:7749: $? = 0
configure:7762: result: no
configure:8120: checking for gcc option to produce PIC
configure:8127: result: -fPIC -DPIC
configure:8135: checking if gcc PIC flag -fPIC -DPIC works
configure:8153: gcc -c -g -O2  -fPIC -DPIC -DPIC conftest.c >&5
configure:8157: $? = 0
configure:8170: result: yes
configure:8199: checking if gcc static flag -static works
configure:8227: result: yes
configure:8242: checking if gcc supports -c -o file.o
configure:8263: gcc -c -g -O2  -o out/conftest2.o conftest.c >&5
configure:8267: $? = 0
configure:8289: result: yes
configure:8297: checking if gcc supports -c -o file.o
configure:8344: result: yes
configure:8377: checking whether the gcc linker (/usr/x86_64-pc-linux-gnu/bin/ld -m elf_x86_64) supports shared libraries
configure:9636: result: yes
configure:9673: checking whether -lc should be explicitly linked in
configure:9681: gcc -c -g -O2  conftest.c >&5
configure:9684: $? = 0
configure:9699: gcc -shared  -fPIC -DPIC conftest.o  -v -Wl,-soname -Wl,conftest -o conftest 2\>\&1 \| /bin/grep  -lc  \>/dev/null 2\>\&1
configure:9702: $? = 0
configure:9716: result: no
configure:9876: checking dynamic linker characteristics
configure:10470: gcc -o conftest -g -O2   -Wl,-rpath -Wl,/foo conftest.c  >&5
configure:10470: $? = 0
configure:10707: result: GNU/Linux ld.so
configure:10829: checking how to hardcode library paths into programs
configure:10854: result: immediate
configure:11402: checking whether stripping libraries is possible
configure:11407: result: yes
configure:11442: checking if libtool supports shared libraries
configure:11444: result: yes
configure:11447: checking whether to build shared libraries
configure:11472: result: yes
configure:11475: checking whether to build static libraries
configure:11479: result: yes
configure:11533: checking for a BSD-compatible install
configure:11601: result: /usr/bin/install -c
configure:11612: checking whether build environment is sane
configure:11667: result: yes
configure:11815: checking for a thread-safe mkdir -p
configure:11854: result: /bin/mkdir -p
configure:11857: checking whether make sets $(MAKE)
configure:11879: result: yes
configure:11909: checking for style of include used by make
configure:11937: result: GNU
configure:11971: checking whether make supports nested variables
configure:11988: result: yes
configure:12073: checking dependency style of gcc
configure:12184: result: gcc3
configure:12306: checking for g++
configure:12322: found /usr/x86_64-pc-linux-gnu/gcc-bin/6.4.0/g++
configure:12333: result: g++
configure:12360: checking for C++ compiler version
configure:12369: g++ --version >&5
g++ (Gentoo 6.4.0 p1.0) 6.4.0
Copyright (C) 2017 Free Software Foundation, Inc.
This is free software; see the source for copying conditions.  There is NO
warranty; not even for MERCHANTABILITY or FITNESS FOR A PARTICULAR PURPOSE.

configure:12380: $? = 0
configure:12369: g++ -v >&5
Using built-in specs.
COLLECT_GCC=g++
COLLECT_LTO_WRAPPER=/usr/libexec/gcc/x86_64-pc-linux-gnu/6.4.0/lto-wrapper
Target: x86_64-pc-linux-gnu
Configured with: /var/tmp/portage/sys-devel/gcc-6.4.0/work/gcc-6.4.0/configure --host=x86_64-pc-linux-gnu --build=x86_64-pc-linux-gnu --prefix=/usr --bindir=/usr/x86_64-pc-linux-gnu/gcc-bin/6.4.0 --includedir=/usr/lib/gcc/x86_64-pc-linux-gnu/6.4.0/include --datadir=/usr/share/gcc-data/x86_64-pc-linux-gnu/6.4.0 --mandir=/usr/share/gcc-data/x86_64-pc-linux-gnu/6.4.0/man --infodir=/usr/share/gcc-data/x86_64-pc-linux-gnu/6.4.0/info --with-gxx-include-dir=/usr/lib/gcc/x86_64-pc-linux-gnu/6.4.0/include/g++-v6 --with-python-dir=/share/gcc-data/x86_64-pc-linux-gnu/6.4.0/python --enable-languages=c,c++,fortran --enable-obsolete --enable-secureplt --disable-werror --with-system-zlib --enable-nls --without-included-gettext --enable-checking=release --with-bugurl=https://bugs.gentoo.org/ --with-pkgversion='Gentoo 6.4.0 p1.0' --disable-esp --enable-libstdcxx-time --enable-shared --enable-threads=posix --enable-__cxa_atexit --enable-clocale=gnu --enable-multilib --with-multilib-list=m32,m64 --disable-altivec --disable-fixed-point --enable-targets=all --disable-libgcj --enable-libgomp --disable-libmudflap --disable-libssp --disable-libcilkrts --disable-libmpx --enable-vtable-verify --enable-libvtv --enable-lto --without-isl --enable-libsanitizer --disable-default-pie --enable-default-ssp
Thread model: posix
gcc version 6.4.0 (Gentoo 6.4.0 p1.0) 
configure:12380: $? = 0
configure:12369: g++ -V >&5
g++: error: unrecognized command line option '-V'
g++: fatal error: no input files
compilation terminated.
configure:12380: $? = 1
configure:12369: g++ -qversion >&5
g++: error: unrecognized command line option '-qversion'; did you mean '--version'?
g++: fatal error: no input files
compilation terminated.
configure:12380: $? = 1
configure:12384: checking whether we are using the GNU C++ compiler
configure:12403: g++ -c   conftest.cpp >&5
configure:12403: $? = 0
configure:12412: result: yes
configure:12421: checking whether g++ accepts -g
configure:12441: g++ -c -g  conftest.cpp >&5
configure:12441: $? = 0
configure:12482: result: yes
configure:12523: checking how to run the C++ preprocessor
configure:12550: g++ -E  conftest.cpp
configure:12550: $? = 0
configure:12564: g++ -E  conftest.cpp
conftest.cpp:23:28: fatal error: ac_nonexistent.h: No such file or directory
 #include <ac_nonexistent.h>
                            ^
compilation terminated.
configure:12564: $? = 1
configure: failed program was:
| /* confdefs.h */
| #define PACKAGE_NAME "cumbia"
| #define PACKAGE_TARNAME "cumbia"
| #define PACKAGE_VERSION "0.1.0"
| #define PACKAGE_STRING "cumbia 0.1.0"
| #define PACKAGE_BUGREPORT "giacomo.strangolino@elettra.trieste.it"
| #define PACKAGE_URL ""
| #define STDC_HEADERS 1
| #define HAVE_SYS_TYPES_H 1
| #define HAVE_SYS_STAT_H 1
| #define HAVE_STDLIB_H 1
| #define HAVE_STRING_H 1
| #define HAVE_MEMORY_H 1
| #define HAVE_STRINGS_H 1
| #define HAVE_INTTYPES_H 1
| #define HAVE_STDINT_H 1
| #define HAVE_UNISTD_H 1
| #define HAVE_DLFCN_H 1
| #define LT_OBJDIR ".libs/"
| #define PACKAGE "cumbia"
| #define VERSION "0.1.0"
| /* end confdefs.h.  */
| #include <ac_nonexistent.h>
configure:12589: result: g++ -E
configure:12609: g++ -E  conftest.cpp
configure:12609: $? = 0
configure:12623: g++ -E  conftest.cpp
conftest.cpp:23:28: fatal error: ac_nonexistent.h: No such file or directory
 #include <ac_nonexistent.h>
                            ^
compilation terminated.
configure:12623: $? = 1
configure: failed program was:
| /* confdefs.h */
| #define PACKAGE_NAME "cumbia"
| #define PACKAGE_TARNAME "cumbia"
| #define PACKAGE_VERSION "0.1.0"
| #define PACKAGE_STRING "cumbia 0.1.0"
| #define PACKAGE_BUGREPORT "giacomo.strangolino@elettra.trieste.it"
| #define PACKAGE_URL ""
| #define STDC_HEADERS 1
| #define HAVE_SYS_TYPES_H 1
| #define HAVE_SYS_STAT_H 1
| #define HAVE_STDLIB_H 1
| #define HAVE_STRING_H 1
| #define HAVE_MEMORY_H 1
| #define HAVE_STRINGS_H 1
| #define HAVE_INTTYPES_H 1
| #define HAVE_STDINT_H 1
| #define HAVE_UNISTD_H 1
| #define HAVE_DLFCN_H 1
| #define LT_OBJDIR ".libs/"
| #define PACKAGE "cumbia"
| #define VERSION "0.1.0"
| /* end confdefs.h.  */
| #include <ac_nonexistent.h>
configure:12785: checking for ld used by g++
configure:12852: result: /usr/x86_64-pc-linux-gnu/bin/ld -m elf_x86_64
configure:12859: checking if the linker (/usr/x86_64-pc-linux-gnu/bin/ld -m elf_x86_64) is GNU ld
configure:12874: result: yes
configure:12929: checking whether the g++ linker (/usr/x86_64-pc-linux-gnu/bin/ld -m elf_x86_64) supports shared libraries
configure:14002: result: yes
configure:14038: g++ -c -g -O2  conftest.cpp >&5
configure:14041: $? = 0
configure:14522: checking for g++ option to produce PIC
configure:14529: result: -fPIC -DPIC
configure:14537: checking if g++ PIC flag -fPIC -DPIC works
configure:14555: g++ -c -g -O2  -fPIC -DPIC -DPIC conftest.cpp >&5
configure:14559: $? = 0
configure:14572: result: yes
configure:14595: checking if g++ static flag -static works
configure:14623: result: yes
configure:14635: checking if g++ supports -c -o file.o
configure:14656: g++ -c -g -O2  -o out/conftest2.o conftest.cpp >&5
configure:14660: $? = 0
configure:14682: result: yes
configure:14687: checking if g++ supports -c -o file.o
configure:14734: result: yes
configure:14764: checking whether the g++ linker (/usr/x86_64-pc-linux-gnu/bin/ld -m elf_x86_64) supports shared libraries
configure:14804: result: yes
configure:14945: checking dynamic linker characteristics
configure:15703: result: GNU/Linux ld.so
configure:15768: checking how to hardcode library paths into programs
configure:15793: result: immediate
configure:15835: checking dependency style of g++
configure:15946: result: gcc3
configure:16009: checking for gcc
configure:16036: result: gcc
configure:16265: checking for C compiler version
configure:16274: gcc --version >&5
gcc (Gentoo 6.4.0 p1.0) 6.4.0
Copyright (C) 2017 Free Software Foundation, Inc.
This is free software; see the source for copying conditions.  There is NO
warranty; not even for MERCHANTABILITY or FITNESS FOR A PARTICULAR PURPOSE.

configure:16285: $? = 0
configure:16274: gcc -v >&5
Using built-in specs.
COLLECT_GCC=gcc
COLLECT_LTO_WRAPPER=/usr/libexec/gcc/x86_64-pc-linux-gnu/6.4.0/lto-wrapper
Target: x86_64-pc-linux-gnu
Configured with: /var/tmp/portage/sys-devel/gcc-6.4.0/work/gcc-6.4.0/configure --host=x86_64-pc-linux-gnu --build=x86_64-pc-linux-gnu --prefix=/usr --bindir=/usr/x86_64-pc-linux-gnu/gcc-bin/6.4.0 --includedir=/usr/lib/gcc/x86_64-pc-linux-gnu/6.4.0/include --datadir=/usr/share/gcc-data/x86_64-pc-linux-gnu/6.4.0 --mandir=/usr/share/gcc-data/x86_64-pc-linux-gnu/6.4.0/man --infodir=/usr/share/gcc-data/x86_64-pc-linux-gnu/6.4.0/info --with-gxx-include-dir=/usr/lib/gcc/x86_64-pc-linux-gnu/6.4.0/include/g++-v6 --with-python-dir=/share/gcc-data/x86_64-pc-linux-gnu/6.4.0/python --enable-languages=c,c++,fortran --enable-obsolete --enable-secureplt --disable-werror --with-system-zlib --enable-nls --without-included-gettext --enable-checking=release --with-bugurl=https://bugs.gentoo.org/ --with-pkgversion='Gentoo 6.4.0 p1.0' --disable-esp --enable-libstdcxx-time --enable-shared --enable-threads=posix --enable-__cxa_atexit --enable-clocale=gnu --enable-multilib --with-multilib-list=m32,m64 --disable-altivec --disable-fixed-point --enable-targets=all --disable-libgcj --enable-libgomp --disable-libmudflap --disable-libssp --disable-libcilkrts --disable-libmpx --enable-vtable-verify --enable-libvtv --enable-lto --without-isl --enable-libsanitizer --disable-default-pie --enable-default-ssp
Thread model: posix
gcc version 6.4.0 (Gentoo 6.4.0 p1.0) 
configure:16285: $? = 0
configure:16274: gcc -V >&5
gcc: error: unrecognized command line option '-V'
gcc: fatal error: no input files
compilation terminated.
configure:16285: $? = 1
configure:16274: gcc -qversion >&5
gcc: error: unrecognized command line option '-qversion'; did you mean '--version'?
gcc: fatal error: no input files
compilation terminated.
configure:16285: $? = 1
configure:16289: checking whether we are using the GNU C compiler
configure:16317: result: yes
configure:16326: checking whether gcc accepts -g
configure:16387: result: yes
configure:16404: checking for gcc option to accept ISO C89
configure:16480: result: none needed
configure:16505: checking whether gcc understands -c and -o together
configure:16542: result: yes
configure:16564: checking how to run the C preprocessor
configure:16634: result: gcc -E
configure:16654: gcc -E  conftest.c
configure:16654: $? = 0
configure:16668: gcc -E  conftest.c
conftest.c:23:28: fatal error: ac_nonexistent.h: No such file or directory
 #include <ac_nonexistent.h>
                            ^
compilation terminated.
configure:16668: $? = 1
configure: failed program was:
| /* confdefs.h */
| #define PACKAGE_NAME "cumbia"
| #define PACKAGE_TARNAME "cumbia"
| #define PACKAGE_VERSION "0.1.0"
| #define PACKAGE_STRING "cumbia 0.1.0"
| #define PACKAGE_BUGREPORT "giacomo.strangolino@elettra.trieste.it"
| #define PACKAGE_URL ""
| #define STDC_HEADERS 1
| #define HAVE_SYS_TYPES_H 1
| #define HAVE_SYS_STAT_H 1
| #define HAVE_STDLIB_H 1
| #define HAVE_STRING_H 1
| #define HAVE_MEMORY_H 1
| #define HAVE_STRINGS_H 1
| #define HAVE_INTTYPES_H 1
| #define HAVE_STDINT_H 1
| #define HAVE_UNISTD_H 1
| #define HAVE_DLFCN_H 1
| #define LT_OBJDIR ".libs/"
| #define PACKAGE "cumbia"
| #define VERSION "0.1.0"
| /* end confdefs.h.  */
| #include <ac_nonexistent.h>
configure:16697: checking whether ln -s works
configure:16701: result: yes
configure:16708: checking whether make sets $(MAKE)
configure:16730: result: yes
configure:16744: checking for main in -lGL
configure:16763: gcc -o conftest -g -O2   conftest.c -lGL   >&5
configure:16763: $? = 0
configure:16772: result: yes
configure:16784: checking for pthread_create in -lpthread
configure:16809: gcc -o conftest -g -O2   conftest.c -lpthread  -lGL  >&5
configure:16809: $? = 0
configure:16818: result: yes
configure:16834: checking float.h usability
configure:16834: gcc -c -g -O2  conftest.c >&5
configure:16834: $? = 0
configure:16834: result: yes
configure:16834: checking float.h presence
configure:16834: gcc -E  conftest.c
configure:16834: $? = 0
configure:16834: result: yes
configure:16834: checking for float.h
configure:16834: result: yes
configure:16834: checking limits.h usability
configure:16834: gcc -c -g -O2  conftest.c >&5
configure:16834: $? = 0
configure:16834: result: yes
configure:16834: checking limits.h presence
configure:16834: gcc -E  conftest.c
configure:16834: $? = 0
configure:16834: result: yes
configure:16834: checking for limits.h
configure:16834: result: yes
configure:16834: checking for stdlib.h
configure:16834: result: yes
configure:16834: checking for string.h
configure:16834: result: yes
configure:16834: checking for strings.h
configure:16834: result: yes
configure:16834: checking sys/time.h usability
configure:16834: gcc -c -g -O2  conftest.c >&5
configure:16834: $? = 0
configure:16834: result: yes
configure:16834: checking sys/time.h presence
configure:16834: gcc -E  conftest.c
configure:16834: $? = 0
configure:16834: result: yes
configure:16834: checking for sys/time.h
configure:16834: result: yes
configure:16834: checking for unistd.h
configure:16834: result: yes
configure:16834: checking math.h usability
configure:16834: gcc -c -g -O2  conftest.c >&5
configure:16834: $? = 0
configure:16834: result: yes
configure:16834: checking math.h presence
configure:16834: gcc -E  conftest.c
configure:16834: $? = 0
configure:16834: result: yes
configure:16834: checking for math.h
configure:16834: result: yes
configure:16850: checking for size_t
configure:16850: gcc -c -g -O2  conftest.c >&5
configure:16850: $? = 0
configure:16850: gcc -c -g -O2  conftest.c >&5
conftest.c: In function 'main':
conftest.c:69:21: error: expected expression before ')' token
 if (sizeof ((size_t)))
                     ^
configure:16850: $? = 1
configure: failed program was:
| /* confdefs.h */
| #define PACKAGE_NAME "cumbia"
| #define PACKAGE_TARNAME "cumbia"
| #define PACKAGE_VERSION "0.1.0"
| #define PACKAGE_STRING "cumbia 0.1.0"
| #define PACKAGE_BUGREPORT "giacomo.strangolino@elettra.trieste.it"
| #define PACKAGE_URL ""
| #define STDC_HEADERS 1
| #define HAVE_SYS_TYPES_H 1
| #define HAVE_SYS_STAT_H 1
| #define HAVE_STDLIB_H 1
| #define HAVE_STRING_H 1
| #define HAVE_MEMORY_H 1
| #define HAVE_STRINGS_H 1
| #define HAVE_INTTYPES_H 1
| #define HAVE_STDINT_H 1
| #define HAVE_UNISTD_H 1
| #define HAVE_DLFCN_H 1
| #define LT_OBJDIR ".libs/"
| #define PACKAGE "cumbia"
| #define VERSION "0.1.0"
| #define HAVE_LIBGL 1
| #define HAVE_LIBPTHREAD 1
| #define HAVE_FLOAT_H 1
| #define HAVE_LIMITS_H 1
| #define HAVE_STDLIB_H 1
| #define HAVE_STRING_H 1
| #define HAVE_STRINGS_H 1
| #define HAVE_SYS_TIME_H 1
| #define HAVE_UNISTD_H 1
| #define HAVE_MATH_H 1
| /* end confdefs.h.  */
| #include <stdio.h>
| #ifdef HAVE_SYS_TYPES_H
| # include <sys/types.h>
| #endif
| #ifdef HAVE_SYS_STAT_H
| # include <sys/stat.h>
| #endif
| #ifdef STDC_HEADERS
| # include <stdlib.h>
| # include <stddef.h>
| #else
| # ifdef HAVE_STDLIB_H
| #  include <stdlib.h>
| # endif
| #endif
| #ifdef HAVE_STRING_H
| # if !defined STDC_HEADERS && defined HAVE_MEMORY_H
| #  include <memory.h>
| # endif
| # include <string.h>
| #endif
| #ifdef HAVE_STRINGS_H
| # include <strings.h>
| #endif
| #ifdef HAVE_INTTYPES_H
| # include <inttypes.h>
| #endif
| #ifdef HAVE_STDINT_H
| # include <stdint.h>
| #endif
| #ifdef HAVE_UNISTD_H
| # include <unistd.h>
| #endif
| int
| main ()
| {
| if (sizeof ((size_t)))
| 	    return 0;
|   ;
|   return 0;
| }
configure:16850: result: yes
configure:16861: checking for ssize_t
configure:16861: gcc -c -g -O2  conftest.c >&5
configure:16861: $? = 0
configure:16861: gcc -c -g -O2  conftest.c >&5
conftest.c: In function 'main':
conftest.c:69:22: error: expected expression before ')' token
 if (sizeof ((ssize_t)))
                      ^
configure:16861: $? = 1
configure: failed program was:
| /* confdefs.h */
| #define PACKAGE_NAME "cumbia"
| #define PACKAGE_TARNAME "cumbia"
| #define PACKAGE_VERSION "0.1.0"
| #define PACKAGE_STRING "cumbia 0.1.0"
| #define PACKAGE_BUGREPORT "giacomo.strangolino@elettra.trieste.it"
| #define PACKAGE_URL ""
| #define STDC_HEADERS 1
| #define HAVE_SYS_TYPES_H 1
| #define HAVE_SYS_STAT_H 1
| #define HAVE_STDLIB_H 1
| #define HAVE_STRING_H 1
| #define HAVE_MEMORY_H 1
| #define HAVE_STRINGS_H 1
| #define HAVE_INTTYPES_H 1
| #define HAVE_STDINT_H 1
| #define HAVE_UNISTD_H 1
| #define HAVE_DLFCN_H 1
| #define LT_OBJDIR ".libs/"
| #define PACKAGE "cumbia"
| #define VERSION "0.1.0"
| #define HAVE_LIBGL 1
| #define HAVE_LIBPTHREAD 1
| #define HAVE_FLOAT_H 1
| #define HAVE_LIMITS_H 1
| #define HAVE_STDLIB_H 1
| #define HAVE_STRING_H 1
| #define HAVE_STRINGS_H 1
| #define HAVE_SYS_TIME_H 1
| #define HAVE_UNISTD_H 1
| #define HAVE_MATH_H 1
| /* end confdefs.h.  */
| #include <stdio.h>
| #ifdef HAVE_SYS_TYPES_H
| # include <sys/types.h>
| #endif
| #ifdef HAVE_SYS_STAT_H
| # include <sys/stat.h>
| #endif
| #ifdef STDC_HEADERS
| # include <stdlib.h>
| # include <stddef.h>
| #else
| # ifdef HAVE_STDLIB_H
| #  include <stdlib.h>
| # endif
| #endif
| #ifdef HAVE_STRING_H
| # if !defined STDC_HEADERS && defined HAVE_MEMORY_H
| #  include <memory.h>
| # endif
| # include <string.h>
| #endif
| #ifdef HAVE_STRINGS_H
| # include <strings.h>
| #endif
| #ifdef HAVE_INTTYPES_H
| # include <inttypes.h>
| #endif
| #ifdef HAVE_STDINT_H
| # include <stdint.h>
| #endif
| #ifdef HAVE_UNISTD_H
| # include <unistd.h>
| #endif
| int
| main ()
| {
| if (sizeof ((ssize_t)))
| 	    return 0;
|   ;
|   return 0;
| }
configure:16861: result: yes
configure:16874: checking whether time.h and sys/time.h may both be included
configure:16894: gcc -c -g -O2  conftest.c >&5
configure:16894: $? = 0
configure:16901: result: yes
configure:16915: checking for sys/time.h
configure:16915: result: yes
configure:16915: checking for unistd.h
configure:16915: result: yes
configure:16936: checking for alarm
configure:16936: gcc -o conftest -g -O2   conftest.c -lpthread -lGL  >&5
configure:16936: $? = 0
configure:16936: result: yes
configure:16949: checking for working mktime
configure:17151: gcc -o conftest -g -O2   conftest.c -lpthread -lGL  >&5
configure:17151: $? = 0
configure:17151: ./conftest
configure:17151: $? = 0
configure:17161: result: yes
configure:17174: checking for stdlib.h
configure:17174: result: yes
configure:17184: checking for GNU libc compatible realloc
configure:17208: gcc -o conftest -g -O2   conftest.c -lpthread -lGL  >&5
configure:17208: $? = 0
configure:17208: ./conftest
configure:17208: $? = 0
configure:17218: result: yes
configure:17239: checking for working strtod
configure:17280: gcc -o conftest -g -O2   conftest.c -lpthread -lGL  >&5
configure:17280: $? = 0
configure:17280: ./conftest
configure:17280: $? = 0
configure:17290: result: yes
configure:17355: checking for gettimeofday
configure:17355: gcc -o conftest -g -O2   conftest.c -lpthread -lGL  >&5
configure:17355: $? = 0
configure:17355: result: yes
configure:17355: checking for localtime_r
configure:17355: gcc -o conftest -g -O2   conftest.c -lpthread -lGL  >&5
configure:17355: $? = 0
configure:17355: result: yes
configure:17355: checking for memset
configure:17355: gcc -o conftest -g -O2   conftest.c -lpthread -lGL  >&5
conftest.c:64:6: warning: conflicting types for built-in function 'memset'
 char memset ();
      ^~~~~~
configure:17355: $? = 0
configure:17355: result: yes
configure:17355: checking for select
configure:17355: gcc -o conftest -g -O2   conftest.c -lpthread -lGL  >&5
configure:17355: $? = 0
configure:17355: result: yes
configure:17355: checking for strcasecmp
configure:17355: gcc -o conftest -g -O2   conftest.c -lpthread -lGL  >&5
conftest.c:66:6: warning: conflicting types for built-in function 'strcasecmp'
 char strcasecmp ();
      ^~~~~~~~~~
configure:17355: $? = 0
configure:17355: result: yes
configure:17355: checking for strchr
configure:17355: gcc -o conftest -g -O2   conftest.c -lpthread -lGL  >&5
conftest.c:67:6: warning: conflicting types for built-in function 'strchr'
 char strchr ();
      ^~~~~~
configure:17355: $? = 0
configure:17355: result: yes
configure:17355: checking for strerror
configure:17355: gcc -o conftest -g -O2   conftest.c -lpthread -lGL  >&5
configure:17355: $? = 0
configure:17355: result: yes
configure:17355: checking for strstr
configure:17355: gcc -o conftest -g -O2   conftest.c -lpthread -lGL  >&5
conftest.c:69:6: warning: conflicting types for built-in function 'strstr'
 char strstr ();
      ^~~~~~
configure:17355: $? = 0
configure:17355: result: yes
configure:17355: checking for strtol
configure:17355: gcc -o conftest -g -O2   conftest.c -lpthread -lGL  >&5
configure:17355: $? = 0
configure:17355: result: yes
configure:17355: checking for strtoul
configure:17355: gcc -o conftest -g -O2   conftest.c -lpthread -lGL  >&5
configure:17355: $? = 0
configure:17355: result: yes
configure:17477: checking for doxygen
configure:17495: found /usr/bin/doxygen
configure:17507: result: /usr/bin/doxygen
configure:17583: checking for perl
configure:17601: found /usr/bin/perl
configure:17613: result: /usr/bin/perl
configure:19253: checking whether g++ supports C++11 features by default
configure:19547: g++ -c -g -O2  conftest.cpp >&5
configure:19547: $? = 0
configure:19554: result: yes
configure:20053: checking that generated files are newer than configure
configure:20059: result: done
configure:20130: creating ./config.status

## ---------------------- ##
## Running config.status. ##
## ---------------------- ##

This file was extended by cumbia config.status 0.1.0, which was
generated by GNU Autoconf 2.69.  Invocation command line was

  CONFIG_FILES    = 
  CONFIG_HEADERS  = 
  CONFIG_LINKS    = 
  CONFIG_COMMANDS = 
  $ ./config.status 

on woody

config.status:1123: creating Makefile
config.status:1123: creating src/cumbia.pc
config.status:1295: executing libtool commands
config.status:1295: executing depfiles commands

## ---------------- ##
## Cache variables. ##
## ---------------- ##

ac_cv_build=x86_64-pc-linux-gnu
ac_cv_c_compiler_gnu=yes
ac_cv_cxx_compiler_gnu=yes
ac_cv_env_CCC_set=
ac_cv_env_CCC_value=
ac_cv_env_CC_set=
ac_cv_env_CC_value=
ac_cv_env_CFLAGS_set=
ac_cv_env_CFLAGS_value=
ac_cv_env_CPPFLAGS_set=
ac_cv_env_CPPFLAGS_value=
ac_cv_env_CPP_set=
ac_cv_env_CPP_value=
ac_cv_env_CXXCPP_set=
ac_cv_env_CXXCPP_value=
ac_cv_env_CXXFLAGS_set=
ac_cv_env_CXXFLAGS_value=
ac_cv_env_CXX_set=
ac_cv_env_CXX_value=
ac_cv_env_DOXYGEN_PAPER_SIZE_set=
ac_cv_env_DOXYGEN_PAPER_SIZE_value=
ac_cv_env_LDFLAGS_set=
ac_cv_env_LDFLAGS_value=
ac_cv_env_LIBS_set=
ac_cv_env_LIBS_value=
ac_cv_env_LT_SYS_LIBRARY_PATH_set=
ac_cv_env_LT_SYS_LIBRARY_PATH_value=
ac_cv_env_build_alias_set=
ac_cv_env_build_alias_value=
ac_cv_env_host_alias_set=
ac_cv_env_host_alias_value=
ac_cv_env_target_alias_set=
ac_cv_env_target_alias_value=
ac_cv_func_alarm=yes
ac_cv_func_gettimeofday=yes
ac_cv_func_localtime_r=yes
ac_cv_func_memset=yes
ac_cv_func_realloc_0_nonnull=yes
ac_cv_func_select=yes
ac_cv_func_strcasecmp=yes
ac_cv_func_strchr=yes
ac_cv_func_strerror=yes
ac_cv_func_strstr=yes
ac_cv_func_strtod=yes
ac_cv_func_strtol=yes
ac_cv_func_strtoul=yes
ac_cv_func_working_mktime=yes
ac_cv_header_dlfcn_h=yes
ac_cv_header_float_h=yes
ac_cv_header_inttypes_h=yes
ac_cv_header_limits_h=yes
ac_cv_header_math_h=yes
ac_cv_header_memory_h=yes
ac_cv_header_stdc=yes
ac_cv_header_stdint_h=yes
ac_cv_header_stdlib_h=yes
ac_cv_header_string_h=yes
ac_cv_header_strings_h=yes
ac_cv_header_sys_stat_h=yes
ac_cv_header_sys_time_h=yes
ac_cv_header_sys_types_h=yes
ac_cv_header_time=yes
ac_cv_header_unistd_h=yes
ac_cv_host=x86_64-pc-linux-gnu
ac_cv_lib_GL_main=yes
ac_cv_lib_pthread_pthread_create=yes
ac_cv_objext=o
ac_cv_path_EGREP='/bin/grep -E'
ac_cv_path_FGREP='/bin/grep -F'
ac_cv_path_GREP=/bin/grep
ac_cv_path_SED=/bin/sed
ac_cv_path_ac_pt_DX_DOXYGEN=/usr/bin/doxygen
ac_cv_path_ac_pt_DX_PERL=/usr/bin/perl
ac_cv_path_install='/usr/bin/install -c'
ac_cv_path_lt_DD=/bin/dd
ac_cv_path_mkdir=/bin/mkdir
ac_cv_prog_AWK=gawk
ac_cv_prog_CPP='gcc -E'
ac_cv_prog_CXXCPP='g++ -E'
ac_cv_prog_ac_ct_AR=ar
ac_cv_prog_ac_ct_CC=gcc
ac_cv_prog_ac_ct_CXX=g++
ac_cv_prog_ac_ct_OBJDUMP=objdump
ac_cv_prog_ac_ct_RANLIB=ranlib
ac_cv_prog_ac_ct_STRIP=strip
ac_cv_prog_cc_c89=
ac_cv_prog_cc_g=yes
ac_cv_prog_cxx_g=yes
ac_cv_prog_make_make_set=yes
ac_cv_type_size_t=yes
ac_cv_type_ssize_t=yes
am_cv_CC_dependencies_compiler_type=gcc3
am_cv_CXX_dependencies_compiler_type=gcc3
am_cv_make_support_nested_variables=yes
am_cv_prog_cc_c_o=yes
ax_cv_cxx_compile_cxx11=yes
lt_cv_ar_at_file=@
lt_cv_archive_cmds_need_lc=no
lt_cv_deplibs_check_method=pass_all
lt_cv_file_magic_cmd='$MAGIC_CMD'
lt_cv_file_magic_test_file=
lt_cv_ld_reload_flag=-r
lt_cv_nm_interface='BSD nm'
lt_cv_objdir=.libs
lt_cv_path_LD=/usr/x86_64-pc-linux-gnu/bin/ld
lt_cv_path_LDCXX='/usr/x86_64-pc-linux-gnu/bin/ld -m elf_x86_64'
lt_cv_path_NM='/usr/bin/nm -B'
lt_cv_path_mainfest_tool=no
lt_cv_prog_compiler_c_o=yes
lt_cv_prog_compiler_c_o_CXX=yes
lt_cv_prog_compiler_pic='-fPIC -DPIC'
lt_cv_prog_compiler_pic_CXX='-fPIC -DPIC'
lt_cv_prog_compiler_pic_works=yes
lt_cv_prog_compiler_pic_works_CXX=yes
lt_cv_prog_compiler_rtti_exceptions=no
lt_cv_prog_compiler_static_works=yes
lt_cv_prog_compiler_static_works_CXX=yes
lt_cv_prog_gnu_ld=yes
lt_cv_prog_gnu_ldcxx=yes
lt_cv_sharedlib_from_linklib_cmd='printf %s\n'
lt_cv_shlibpath_overrides_runpath=yes
lt_cv_sys_global_symbol_pipe='sed -n -e '\''s/^.*[	 ]\([ABCDGIRSTW][ABCDGIRSTW]*\)[	 ][	 ]*\([_A-Za-z][_A-Za-z0-9]*\)$/\1 \2 \2/p'\'' | sed '\''/ __gnu_lto/d'\'''
lt_cv_sys_global_symbol_to_c_name_address='sed -n -e '\''s/^: \(.*\) .*$/  {"\1", (void *) 0},/p'\'' -e '\''s/^[ABCDGIRSTW][ABCDGIRSTW]* .* \(.*\)$/  {"\1", (void *) \&\1},/p'\'''
lt_cv_sys_global_symbol_to_c_name_address_lib_prefix='sed -n -e '\''s/^: \(.*\) .*$/  {"\1", (void *) 0},/p'\'' -e '\''s/^[ABCDGIRSTW][ABCDGIRSTW]* .* \(lib.*\)$/  {"\1", (void *) \&\1},/p'\'' -e '\''s/^[ABCDGIRSTW][ABCDGIRSTW]* .* \(.*\)$/  {"lib\1", (void *) \&\1},/p'\'''
lt_cv_sys_global_symbol_to_cdecl='sed -n -e '\''s/^T .* \(.*\)$/extern int \1();/p'\'' -e '\''s/^[ABCDGIRSTW][ABCDGIRSTW]* .* \(.*\)$/extern char \1;/p'\'''
lt_cv_sys_global_symbol_to_import=
lt_cv_sys_max_cmd_len=1572864
lt_cv_to_host_file_cmd=func_convert_file_noop
lt_cv_to_tool_file_cmd=func_convert_file_noop
lt_cv_truncate_bin='/bin/dd bs=4096 count=1'

## ----------------- ##
## Output variables. ##
## ----------------- ##

ACLOCAL='${SHELL} /home/giacomo/devel/utils/git/cppqtclients/cumbia-libs/cumbia/missing aclocal-1.15'
AMDEPBACKSLASH='\'
AMDEP_FALSE='#'
AMDEP_TRUE=''
AMTAR='$${TAR-tar}'
AM_BACKSLASH='\'
AM_DEFAULT_V='$(AM_DEFAULT_VERBOSITY)'
AM_DEFAULT_VERBOSITY='1'
AM_V='$(V)'
AR='ar'
AUTOCONF='${SHELL} /home/giacomo/devel/utils/git/cppqtclients/cumbia-libs/cumbia/missing autoconf'
AUTOHEADER='${SHELL} /home/giacomo/devel/utils/git/cppqtclients/cumbia-libs/cumbia/missing autoheader'
AUTOMAKE='${SHELL} /home/giacomo/devel/utils/git/cppqtclients/cumbia-libs/cumbia/missing automake-1.15'
AWK='gawk'
CC='gcc'
CCDEPMODE='depmode=gcc3'
CFLAGS='-g -O2'
CPP='gcc -E'
CPPFLAGS=''
CUMBIA_VERSION='0.1.0'
CXX='g++'
CXXCPP='g++ -E'
CXXDEPMODE='depmode=gcc3'
CXXFLAGS='-g -O2'
CYGPATH_W='echo'
DEFS='-DPACKAGE_NAME=\"cumbia\" -DPACKAGE_TARNAME=\"cumbia\" -DPACKAGE_VERSION=\"0.1.0\" -DPACKAGE_STRING=\"cumbia\ 0.1.0\" -DPACKAGE_BUGREPORT=\"giacomo.strangolino@elettra.trieste.it\" -DPACKAGE_URL=\"\" -DSTDC_HEADERS=1 -DHAVE_SYS_TYPES_H=1 -DHAVE_SYS_STAT_H=1 -DHAVE_STDLIB_H=1 -DHAVE_STRING_H=1 -DHAVE_MEMORY_H=1 -DHAVE_STRINGS_H=1 -DHAVE_INTTYPES_H=1 -DHAVE_STDINT_H=1 -DHAVE_UNISTD_H=1 -DHAVE_DLFCN_H=1 -DLT_OBJDIR=\".libs/\" -DPACKAGE=\"cumbia\" -DVERSION=\"0.1.0\" -DHAVE_LIBGL=1 -DHAVE_LIBPTHREAD=1 -DHAVE_FLOAT_H=1 -DHAVE_LIMITS_H=1 -DHAVE_STDLIB_H=1 -DHAVE_STRING_H=1 -DHAVE_STRINGS_H=1 -DHAVE_SYS_TIME_H=1 -DHAVE_UNISTD_H=1 -DHAVE_MATH_H=1 -DTIME_WITH_SYS_TIME=1 -DHAVE_SYS_TIME_H=1 -DHAVE_UNISTD_H=1 -DHAVE_ALARM=1 -DHAVE_STDLIB_H=1 -DHAVE_REALLOC=1 -DHAVE_GETTIMEOFDAY=1 -DHAVE_LOCALTIME_R=1 -DHAVE_MEMSET=1 -DHAVE_SELECT=1 -DHAVE_STRCASECMP=1 -DHAVE_STRCHR=1 -DHAVE_STRERROR=1 -DHAVE_STRSTR=1 -DHAVE_STRTOL=1 -DHAVE_STRTOUL=1 -DCUMBIA_PRINTINFO=1 -DHAVE_CXX11=1'
DEPDIR='.deps'
DLLTOOL='false'
DOXYGEN_PAPER_SIZE=''
DSYMUTIL=''
DUMPBIN=''
DX_COND_chi_FALSE=''
DX_COND_chi_TRUE='#'
DX_COND_chm_FALSE=''
DX_COND_chm_TRUE='#'
DX_COND_doc_FALSE='#'
DX_COND_doc_TRUE=''
DX_COND_dot_FALSE=''
DX_COND_dot_TRUE='#'
DX_COND_html_FALSE='#'
DX_COND_html_TRUE=''
DX_COND_latex_FALSE=''
DX_COND_latex_TRUE='#'
DX_COND_man_FALSE=''
DX_COND_man_TRUE='#'
DX_COND_pdf_FALSE=''
DX_COND_pdf_TRUE='#'
DX_COND_ps_FALSE=''
DX_COND_ps_TRUE='#'
DX_COND_rtf_FALSE=''
DX_COND_rtf_TRUE='#'
DX_COND_xml_FALSE=''
DX_COND_xml_TRUE='#'
DX_CONFIG='Doxyfile.in'
DX_DOCDIR='doc'
DX_DOT=''
DX_DOXYGEN='/usr/bin/doxygen'
DX_DVIPS=''
DX_EGREP=''
DX_ENV=' SRCDIR='\''.'\'' PROJECT='\''cumbia'\'' DOCDIR='\''doc'\'' VERSION='\''0.1.0'\'' PERL_PATH='\''/usr/bin/perl'\'' HAVE_DOT='\''NO'\'' GENERATE_MAN='\''NO'\'' GENERATE_RTF='\''NO'\'' GENERATE_XML='\''NO'\'' GENERATE_HTMLHELP='\''NO'\'' GENERATE_CHI='\''NO'\'' GENERATE_HTML='\''YES'\'' GENERATE_LATEX='\''NO'\'''
DX_FLAG_chi='0'
DX_FLAG_chm='0'
DX_FLAG_doc='1'
DX_FLAG_dot='0'
DX_FLAG_html='1'
DX_FLAG_man='0'
DX_FLAG_pdf='0'
DX_FLAG_ps='0'
DX_FLAG_rtf='0'
DX_FLAG_xml='0'
DX_HHC=''
DX_LATEX=''
DX_MAKEINDEX=''
DX_PDFLATEX=''
DX_PERL='/usr/bin/perl'
DX_PROJECT='cumbia'
ECHO_C=''
ECHO_N='-n'
ECHO_T=''
EGREP='/bin/grep -E'
EXEEXT=''
FGREP='/bin/grep -F'
GREP='/bin/grep'
HAVE_CXX11='1'
INSTALL_DATA='${INSTALL} -m 644'
INSTALL_PROGRAM='${INSTALL}'
INSTALL_SCRIPT='${INSTALL}'
INSTALL_STRIP_PROGRAM='$(install_sh) -c -s'
LD='/usr/x86_64-pc-linux-gnu/bin/ld -m elf_x86_64'
LDFLAGS=''
LIBOBJS=''
LIBS='-lpthread -lGL '
LIBTOOL='$(SHELL) $(top_builddir)/libtool'
LIPO=''
LN_S='ln -s'
LTLIBOBJS=''
LT_SYS_LIBRARY_PATH=''
MAKEINFO='${SHELL} /home/giacomo/devel/utils/git/cppqtclients/cumbia-libs/cumbia/missing makeinfo'
MANIFEST_TOOL=':'
MKDIR_P='/bin/mkdir -p'
NM='/usr/bin/nm -B'
NMEDIT=''
OBJDUMP='objdump'
OBJEXT='o'
OTOOL64=''
OTOOL=''
PACKAGE='cumbia'
PACKAGE_BUGREPORT='giacomo.strangolino@elettra.trieste.it'
PACKAGE_NAME='cumbia'
PACKAGE_STRING='cumbia 0.1.0'
PACKAGE_TARNAME='cumbia'
PACKAGE_URL=''
PACKAGE_VERSION='0.1.0'
PATH_SEPARATOR=':'
POW_LIB=''
RANLIB='ranlib'
SED='/bin/sed'
SET_MAKE=''
SHELL='/bin/sh'
STRIP='strip'
VERSION='0.1.0'
ac_ct_AR='ar'
ac_ct_CC='gcc'
ac_ct_CXX='g++'
ac_ct_DUMPBIN=''
am__EXEEXT_FALSE=''
am__EXEEXT_TRUE='#'
am__fastdepCC_FALSE='#'
am__fastdepCC_TRUE=''
am__fastdepCXX_FALSE='#'
am__fastdepCXX_TRUE=''
am__include='include'
am__isrc=''
am__leading_dot='.'
am__nodep='_no'
am__quote=''
am__tar='$${TAR-tar} chof - "$$tardir"'
am__untar='$${TAR-tar} xf -'
bindir='${exec_prefix}/bin'
build='x86_64-pc-linux-gnu'
build_alias=''
build_cpu='x86_64'
build_os='linux-gnu'
build_vendor='pc'
datadir='${datarootdir}'
datarootdir='${prefix}/share'
docdir='${datarootdir}/doc/${PACKAGE_TARNAME}'
dvidir='${docdir}'
exec_prefix='${prefix}'
host='x86_64-pc-linux-gnu'
host_alias=''
host_cpu='x86_64'
host_os='linux-gnu'
host_vendor='pc'
htmldir='${docdir}'
includedir='/usr/local/include/cumbia'
infodir='${datarootdir}/info'
install_sh='${SHELL} /home/giacomo/devel/utils/git/cppqtclients/cumbia-libs/cumbia/install-sh'
libdir='${exec_prefix}/lib'
libexecdir='${exec_prefix}/libexec'
localedir='${datarootdir}/locale'
localstatedir='${prefix}/var'
mandir='${datarootdir}/man'
mkdir_p='$(MKDIR_P)'
oldincludedir='/usr/include'
pdfdir='${docdir}'
prefix='/usr/local'
program_transform_name='s,x,x,'
psdir='${docdir}'
sbindir='${exec_prefix}/sbin'
sharedstatedir='${prefix}/com'
sysconfdir='${prefix}/etc'
target_alias=''

## ----------- ##
## confdefs.h. ##
## ----------- ##

/* confdefs.h */
#define PACKAGE_NAME "cumbia"
#define PACKAGE_TARNAME "cumbia"
#define PACKAGE_VERSION "0.1.0"
#define PACKAGE_STRING "cumbia 0.1.0"
#define PACKAGE_BUGREPORT "giacomo.strangolino@elettra.trieste.it"
#define PACKAGE_URL ""
#define STDC_HEADERS 1
#define HAVE_SYS_TYPES_H 1
#define HAVE_SYS_STAT_H 1
#define HAVE_STDLIB_H 1
#define HAVE_STRING_H 1
#define HAVE_MEMORY_H 1
#define HAVE_STRINGS_H 1
#define HAVE_INTTYPES_H 1
#define HAVE_STDINT_H 1
#define HAVE_UNISTD_H 1
#define HAVE_DLFCN_H 1
#define LT_OBJDIR ".libs/"
#define PACKAGE "cumbia"
#define VERSION "0.1.0"
#define HAVE_LIBGL 1
#define HAVE_LIBPTHREAD 1
#define HAVE_FLOAT_H 1
#define HAVE_LIMITS_H 1
#define HAVE_STDLIB_H 1
#define HAVE_STRING_H 1
#define HAVE_STRINGS_H 1
#define HAVE_SYS_TIME_H 1
#define HAVE_UNISTD_H 1
#define HAVE_MATH_H 1
#define TIME_WITH_SYS_TIME 1
#define HAVE_SYS_TIME_H 1
#define HAVE_UNISTD_H 1
#define HAVE_ALARM 1
#define HAVE_STDLIB_H 1
#define HAVE_REALLOC 1
#define HAVE_GETTIMEOFDAY 1
#define HAVE_LOCALTIME_R 1
#define HAVE_MEMSET 1
#define HAVE_SELECT 1
#define HAVE_STRCASECMP 1
#define HAVE_STRCHR 1
#define HAVE_STRERROR 1
#define HAVE_STRSTR 1
#define HAVE_STRTOL 1
#define HAVE_STRTOUL 1
#define CUMBIA_PRINTINFO 1
#define HAVE_CXX11 1

configure: exit 0

## ---------------------- ##
## Running config.status. ##
## ---------------------- ##

This file was extended by cumbia config.status 0.1.0, which was
generated by GNU Autoconf 2.69.  Invocation command line was

  CONFIG_FILES    = 
  CONFIG_HEADERS  = 
  CONFIG_LINKS    = 
  CONFIG_COMMANDS = 
  $ ./config.status Makefile depfiles

on woody

config.status:1123: creating Makefile
config.status:1295: executing depfiles commands

## ---------------------- ##
## Running config.status. ##
## ---------------------- ##

This file was extended by cumbia config.status 0.1.0, which was
generated by GNU Autoconf 2.69.  Invocation command line was

  CONFIG_FILES    = 
  CONFIG_HEADERS  = 
  CONFIG_LINKS    = 
  CONFIG_COMMANDS = 
  $ ./config.status Makefile depfiles

on woody

config.status:1123: creating Makefile
config.status:1295: executing depfiles commands
