This file contains any messages produced by compilers while
running configure, to aid debugging if configure makes a mistake.

It was created by cumbia-tango configure 0.1.0, which was
generated by GNU Autoconf 2.69.  Invocation command line was

  $ ./configure --prefix=/usr/local --includedir=/usr/local/include/cumbia-tango

## --------- ##
## Platform. ##
## --------- ##

hostname = woody
uname -m = x86_64
uname -r = 4.11.3-gentoo-20170308
uname -s = Linux
uname -v = #2 SMP Mon Jun 12 11:49:09 CEST 2017

/usr/bin/uname -p = Intel(R) Core(TM) i7-3770 CPU @ 3.40GHz
/bin/uname -X     = unknown

/bin/arch              = unknown
/usr/bin/arch -k       = unknown
/usr/convex/getsysinfo = unknown
/usr/bin/hostinfo      = unknown
/bin/machine           = unknown
/usr/bin/oslevel       = unknown
/bin/universe          = unknown

PATH: /usr/lib64/qt5/bin
PATH: /usr/x86_64-pc-linux-gnu/gcc-bin/6.3.0
PATH: /usr/lib/llvm/5/bin
PATH: /usr/lib/llvm/4/bin
PATH: /usr/local/bin
PATH: /usr/bin
PATH: /bin
PATH: /opt/bin
PATH: /usr/local/tango-9.2.5a/bin
PATH: /usr/local/omniorb-4.1.6/bin
PATH: /runtime/fermi/panels/bin
PATH: /runtime/bin
PATH: /runtime/elettra/bin
PATH: /home/giacomo/devel/android-sdks/adt-bundle-linux-x86_64-20140702/eclipse
PATH: /home/giacomo/devel/android-sdks/adt-bundle-linux-x86_64-20140702/sdk/platform-tools
PATH: .
PATH: /home/giacomo/devel/epics/base-3.16.1/bin/linux-x86_64
PATH: /home/giacomo/devel/android-sdks/adt-bundle-linux-x86_64-20140702/sdk//tools
PATH: /home/giacomo/devel/android-sdks/adt-bundle-linux-x86_64-20140702/sdk//platform-tools


## ----------- ##
## Core tests. ##
## ----------- ##

configure:2620: checking build system type
configure:2634: result: x86_64-pc-linux-gnu
configure:2654: checking host system type
configure:2667: result: x86_64-pc-linux-gnu
configure:2708: checking how to print strings
configure:2735: result: printf
configure:2807: checking for gcc
configure:2823: found /usr/bin/gcc
configure:2834: result: gcc
configure:3063: checking for C compiler version
configure:3072: gcc --version >&5
gcc (Gentoo 6.4.0 p1.0) 6.4.0
Copyright (C) 2017 Free Software Foundation, Inc.
This is free software; see the source for copying conditions.  There is NO
warranty; not even for MERCHANTABILITY or FITNESS FOR A PARTICULAR PURPOSE.

configure:3083: $? = 0
configure:3072: gcc -v >&5
Using built-in specs.
COLLECT_GCC=/usr/x86_64-pc-linux-gnu/gcc-bin/6.4.0/gcc
COLLECT_LTO_WRAPPER=/usr/libexec/gcc/x86_64-pc-linux-gnu/6.4.0/lto-wrapper
Target: x86_64-pc-linux-gnu
Configured with: /var/tmp/portage/sys-devel/gcc-6.4.0/work/gcc-6.4.0/configure --host=x86_64-pc-linux-gnu --build=x86_64-pc-linux-gnu --prefix=/usr --bindir=/usr/x86_64-pc-linux-gnu/gcc-bin/6.4.0 --includedir=/usr/lib/gcc/x86_64-pc-linux-gnu/6.4.0/include --datadir=/usr/share/gcc-data/x86_64-pc-linux-gnu/6.4.0 --mandir=/usr/share/gcc-data/x86_64-pc-linux-gnu/6.4.0/man --infodir=/usr/share/gcc-data/x86_64-pc-linux-gnu/6.4.0/info --with-gxx-include-dir=/usr/lib/gcc/x86_64-pc-linux-gnu/6.4.0/include/g++-v6 --with-python-dir=/share/gcc-data/x86_64-pc-linux-gnu/6.4.0/python --enable-languages=c,c++,fortran --enable-obsolete --enable-secureplt --disable-werror --with-system-zlib --enable-nls --without-included-gettext --enable-checking=release --with-bugurl=https://bugs.gentoo.org/ --with-pkgversion='Gentoo 6.4.0 p1.0' --disable-esp --enable-libstdcxx-time --enable-shared --enable-threads=posix --enable-__cxa_atexit --enable-clocale=gnu --enable-multilib --with-multilib-list=m32,m64 --disable-altivec --disable-fixed-point --enable-targets=all --disable-libgcj --enable-libgomp --disable-libmudflap --disable-libssp --disable-libcilkrts --disable-libmpx --enable-vtable-verify --enable-libvtv --enable-lto --without-isl --enable-libsanitizer --disable-default-pie --enable-default-ssp
Thread model: posix
gcc version 6.4.0 (Gentoo 6.4.0 p1.0) 
configure:3083: $? = 0
configure:3072: gcc -V >&5
gcc: error: unrecognized command line option '-V'
gcc: fatal error: no input files
compilation terminated.
configure:3083: $? = 1
configure:3072: gcc -qversion >&5
gcc: error: unrecognized command line option '-qversion'; did you mean '--version'?
gcc: fatal error: no input files
compilation terminated.
configure:3083: $? = 1
configure:3103: checking whether the C compiler works
configure:3125: gcc    conftest.c  >&5
configure:3129: $? = 0
configure:3177: result: yes
configure:3180: checking for C compiler default output file name
configure:3182: result: a.out
configure:3188: checking for suffix of executables
configure:3195: gcc -o conftest    conftest.c  >&5
configure:3199: $? = 0
configure:3221: result: 
configure:3243: checking whether we are cross compiling
configure:3251: gcc -o conftest    conftest.c  >&5
configure:3255: $? = 0
configure:3262: ./conftest
configure:3266: $? = 0
configure:3281: result: no
configure:3286: checking for suffix of object files
configure:3308: gcc -c   conftest.c >&5
configure:3312: $? = 0
configure:3333: result: o
configure:3337: checking whether we are using the GNU C compiler
configure:3356: gcc -c   conftest.c >&5
configure:3356: $? = 0
configure:3365: result: yes
configure:3374: checking whether gcc accepts -g
configure:3394: gcc -c -g  conftest.c >&5
configure:3394: $? = 0
configure:3435: result: yes
configure:3452: checking for gcc option to accept ISO C89
configure:3515: gcc  -c -g -O2  conftest.c >&5
configure:3515: $? = 0
configure:3528: result: none needed
configure:3553: checking whether gcc understands -c and -o together
configure:3575: gcc -c conftest.c -o conftest2.o
configure:3578: $? = 0
configure:3575: gcc -c conftest.c -o conftest2.o
configure:3578: $? = 0
configure:3590: result: yes
configure:3607: checking for a sed that does not truncate output
configure:3671: result: /bin/sed
configure:3689: checking for grep that handles long lines and -e
configure:3747: result: /bin/grep
configure:3752: checking for egrep
configure:3814: result: /bin/grep -E
configure:3819: checking for fgrep
configure:3881: result: /bin/grep -F
configure:3916: checking for ld used by gcc
configure:3983: result: /usr/x86_64-pc-linux-gnu/bin/ld
configure:3990: checking if the linker (/usr/x86_64-pc-linux-gnu/bin/ld) is GNU ld
configure:4005: result: yes
configure:4017: checking for BSD- or MS-compatible name lister (nm)
configure:4071: result: /usr/bin/nm -B
configure:4201: checking the name lister (/usr/bin/nm -B) interface
configure:4208: gcc -c -g -O2  conftest.c >&5
configure:4211: /usr/bin/nm -B "conftest.o"
configure:4214: output
0000000000000000 B some_variable
configure:4221: result: BSD nm
configure:4224: checking whether ln -s works
configure:4228: result: yes
configure:4236: checking the maximum length of command line arguments
configure:4372: result: 1572864
configure:4420: checking how to convert x86_64-pc-linux-gnu file names to x86_64-pc-linux-gnu format
configure:4460: result: func_convert_file_noop
configure:4467: checking how to convert x86_64-pc-linux-gnu file names to toolchain format
configure:4487: result: func_convert_file_noop
configure:4494: checking for /usr/x86_64-pc-linux-gnu/bin/ld option to reload object files
configure:4501: result: -r
configure:4575: checking for objdump
configure:4591: found /usr/bin/objdump
configure:4602: result: objdump
configure:4634: checking how to recognize dependent libraries
configure:4834: result: pass_all
configure:4919: checking for dlltool
configure:4949: result: no
configure:4979: checking how to associate runtime and link libraries
configure:5006: result: printf %s\n
configure:5067: checking for ar
configure:5083: found /usr/bin/ar
configure:5094: result: ar
configure:5131: checking for archiver @FILE support
configure:5148: gcc -c -g -O2  conftest.c >&5
configure:5148: $? = 0
configure:5151: ar cru libconftest.a @conftest.lst >&5
configure:5154: $? = 0
configure:5159: ar cru libconftest.a @conftest.lst >&5
ar: conftest.o: No such file or directory
configure:5162: $? = 1
configure:5174: result: @
configure:5232: checking for strip
configure:5248: found /usr/bin/strip
configure:5259: result: strip
configure:5331: checking for ranlib
configure:5347: found /usr/bin/ranlib
configure:5358: result: ranlib
configure:5435: checking for gawk
configure:5451: found /usr/bin/gawk
configure:5462: result: gawk
configure:5502: checking command to parse /usr/bin/nm -B output from gcc object
configure:5655: gcc -c -g -O2  conftest.c >&5
configure:5658: $? = 0
configure:5662: /usr/bin/nm -B conftest.o \| sed -n -e 's/^.*[ ]\([ABCDGIRSTW][ABCDGIRSTW]*\)[ ][ ]*\([_A-Za-z][_A-Za-z0-9]*\)$/\1 \2 \2/p' | sed '/ __gnu_lto/d' \> conftest.nm
configure:5665: $? = 0
configure:5731: gcc -o conftest -g -O2   conftest.c conftstm.o >&5
configure:5734: $? = 0
configure:5772: result: ok
configure:5819: checking for sysroot
configure:5849: result: no
configure:5856: checking for a working dd
configure:5894: result: /bin/dd
configure:5898: checking how to truncate binary pipes
configure:5913: result: /bin/dd bs=4096 count=1
configure:6049: gcc -c -g -O2  conftest.c >&5
configure:6052: $? = 0
configure:6242: checking for mt
configure:6272: result: no
configure:6292: checking if : is a manifest tool
configure:6298: : '-?'
configure:6306: result: no
configure:6983: checking how to run the C preprocessor
configure:7014: gcc -E  conftest.c
configure:7014: $? = 0
configure:7028: gcc -E  conftest.c
conftest.c:9:28: fatal error: ac_nonexistent.h: No such file or directory
 #include <ac_nonexistent.h>
                            ^
compilation terminated.
configure:7028: $? = 1
configure: failed program was:
| /* confdefs.h */
| #define PACKAGE_NAME "cumbia-tango"
| #define PACKAGE_TARNAME "cumbia-tango"
| #define PACKAGE_VERSION "0.1.0"
| #define PACKAGE_STRING "cumbia-tango 0.1.0"
| #define PACKAGE_BUGREPORT "giacomo.strangolino@elettra.trieste.it"
| #define PACKAGE_URL ""
| /* end confdefs.h.  */
| #include <ac_nonexistent.h>
configure:7053: result: gcc -E
configure:7073: gcc -E  conftest.c
configure:7073: $? = 0
configure:7087: gcc -E  conftest.c
conftest.c:9:28: fatal error: ac_nonexistent.h: No such file or directory
 #include <ac_nonexistent.h>
                            ^
compilation terminated.
configure:7087: $? = 1
configure: failed program was:
| /* confdefs.h */
| #define PACKAGE_NAME "cumbia-tango"
| #define PACKAGE_TARNAME "cumbia-tango"
| #define PACKAGE_VERSION "0.1.0"
| #define PACKAGE_STRING "cumbia-tango 0.1.0"
| #define PACKAGE_BUGREPORT "giacomo.strangolino@elettra.trieste.it"
| #define PACKAGE_URL ""
| /* end confdefs.h.  */
| #include <ac_nonexistent.h>
configure:7116: checking for ANSI C header files
configure:7136: gcc -c -g -O2  conftest.c >&5
configure:7136: $? = 0
configure:7209: gcc -o conftest -g -O2   conftest.c  >&5
configure:7209: $? = 0
configure:7209: ./conftest
configure:7209: $? = 0
configure:7220: result: yes
configure:7233: checking for sys/types.h
configure:7233: gcc -c -g -O2  conftest.c >&5
configure:7233: $? = 0
configure:7233: result: yes
configure:7233: checking for sys/stat.h
configure:7233: gcc -c -g -O2  conftest.c >&5
configure:7233: $? = 0
configure:7233: result: yes
configure:7233: checking for stdlib.h
configure:7233: gcc -c -g -O2  conftest.c >&5
configure:7233: $? = 0
configure:7233: result: yes
configure:7233: checking for string.h
configure:7233: gcc -c -g -O2  conftest.c >&5
configure:7233: $? = 0
configure:7233: result: yes
configure:7233: checking for memory.h
configure:7233: gcc -c -g -O2  conftest.c >&5
configure:7233: $? = 0
configure:7233: result: yes
configure:7233: checking for strings.h
configure:7233: gcc -c -g -O2  conftest.c >&5
configure:7233: $? = 0
configure:7233: result: yes
configure:7233: checking for inttypes.h
configure:7233: gcc -c -g -O2  conftest.c >&5
configure:7233: $? = 0
configure:7233: result: yes
configure:7233: checking for stdint.h
configure:7233: gcc -c -g -O2  conftest.c >&5
configure:7233: $? = 0
configure:7233: result: yes
configure:7233: checking for unistd.h
configure:7233: gcc -c -g -O2  conftest.c >&5
configure:7233: $? = 0
configure:7233: result: yes
configure:7247: checking for dlfcn.h
configure:7247: gcc -c -g -O2  conftest.c >&5
configure:7247: $? = 0
configure:7247: result: yes
configure:7473: checking for objdir
configure:7488: result: .libs
configure:7752: checking if gcc supports -fno-rtti -fno-exceptions
configure:7770: gcc -c -g -O2  -fno-rtti -fno-exceptions conftest.c >&5
cc1: warning: command line option '-fno-rtti' is valid for C++/ObjC++ but not for C
configure:7774: $? = 0
configure:7787: result: no
configure:8145: checking for gcc option to produce PIC
configure:8152: result: -fPIC -DPIC
configure:8160: checking if gcc PIC flag -fPIC -DPIC works
configure:8178: gcc -c -g -O2  -fPIC -DPIC -DPIC conftest.c >&5
configure:8182: $? = 0
configure:8195: result: yes
configure:8224: checking if gcc static flag -static works
configure:8252: result: yes
configure:8267: checking if gcc supports -c -o file.o
configure:8288: gcc -c -g -O2  -o out/conftest2.o conftest.c >&5
configure:8292: $? = 0
configure:8314: result: yes
configure:8322: checking if gcc supports -c -o file.o
configure:8369: result: yes
configure:8402: checking whether the gcc linker (/usr/x86_64-pc-linux-gnu/bin/ld -m elf_x86_64) supports shared libraries
configure:9661: result: yes
configure:9698: checking whether -lc should be explicitly linked in
configure:9706: gcc -c -g -O2  conftest.c >&5
configure:9709: $? = 0
configure:9724: gcc -shared  -fPIC -DPIC conftest.o  -v -Wl,-soname -Wl,conftest -o conftest 2\>\&1 \| /bin/grep  -lc  \>/dev/null 2\>\&1
configure:9727: $? = 0
configure:9741: result: no
configure:9901: checking dynamic linker characteristics
configure:10495: gcc -o conftest -g -O2   -Wl,-rpath -Wl,/foo conftest.c  >&5
configure:10495: $? = 0
configure:10732: result: GNU/Linux ld.so
configure:10854: checking how to hardcode library paths into programs
configure:10879: result: immediate
configure:11427: checking whether stripping libraries is possible
configure:11432: result: yes
configure:11467: checking if libtool supports shared libraries
configure:11469: result: yes
configure:11472: checking whether to build shared libraries
configure:11497: result: yes
configure:11500: checking whether to build static libraries
configure:11504: result: yes
configure:11558: checking for a BSD-compatible install
configure:11626: result: /usr/bin/install -c
configure:11637: checking whether build environment is sane
configure:11692: result: yes
configure:11840: checking for a thread-safe mkdir -p
configure:11879: result: /bin/mkdir -p
configure:11882: checking whether make sets $(MAKE)
configure:11904: result: yes
configure:11934: checking for style of include used by make
configure:11962: result: GNU
configure:11996: checking whether make supports nested variables
configure:12013: result: yes
configure:12098: checking dependency style of gcc
configure:12209: result: gcc3
configure:12331: checking for g++
configure:12347: found /usr/bin/g++
configure:12358: result: g++
configure:12385: checking for C++ compiler version
configure:12394: g++ --version >&5
g++ (Gentoo 6.4.0 p1.0) 6.4.0
Copyright (C) 2017 Free Software Foundation, Inc.
This is free software; see the source for copying conditions.  There is NO
warranty; not even for MERCHANTABILITY or FITNESS FOR A PARTICULAR PURPOSE.

configure:12405: $? = 0
configure:12394: g++ -v >&5
Using built-in specs.
COLLECT_GCC=/usr/x86_64-pc-linux-gnu/gcc-bin/6.4.0/g++
COLLECT_LTO_WRAPPER=/usr/libexec/gcc/x86_64-pc-linux-gnu/6.4.0/lto-wrapper
Target: x86_64-pc-linux-gnu
Configured with: /var/tmp/portage/sys-devel/gcc-6.4.0/work/gcc-6.4.0/configure --host=x86_64-pc-linux-gnu --build=x86_64-pc-linux-gnu --prefix=/usr --bindir=/usr/x86_64-pc-linux-gnu/gcc-bin/6.4.0 --includedir=/usr/lib/gcc/x86_64-pc-linux-gnu/6.4.0/include --datadir=/usr/share/gcc-data/x86_64-pc-linux-gnu/6.4.0 --mandir=/usr/share/gcc-data/x86_64-pc-linux-gnu/6.4.0/man --infodir=/usr/share/gcc-data/x86_64-pc-linux-gnu/6.4.0/info --with-gxx-include-dir=/usr/lib/gcc/x86_64-pc-linux-gnu/6.4.0/include/g++-v6 --with-python-dir=/share/gcc-data/x86_64-pc-linux-gnu/6.4.0/python --enable-languages=c,c++,fortran --enable-obsolete --enable-secureplt --disable-werror --with-system-zlib --enable-nls --without-included-gettext --enable-checking=release --with-bugurl=https://bugs.gentoo.org/ --with-pkgversion='Gentoo 6.4.0 p1.0' --disable-esp --enable-libstdcxx-time --enable-shared --enable-threads=posix --enable-__cxa_atexit --enable-clocale=gnu --enable-multilib --with-multilib-list=m32,m64 --disable-altivec --disable-fixed-point --enable-targets=all --disable-libgcj --enable-libgomp --disable-libmudflap --disable-libssp --disable-libcilkrts --disable-libmpx --enable-vtable-verify --enable-libvtv --enable-lto --without-isl --enable-libsanitizer --disable-default-pie --enable-default-ssp
Thread model: posix
gcc version 6.4.0 (Gentoo 6.4.0 p1.0) 
configure:12405: $? = 0
configure:12394: g++ -V >&5
g++: error: unrecognized command line option '-V'
g++: fatal error: no input files
compilation terminated.
configure:12405: $? = 1
configure:12394: g++ -qversion >&5
g++: error: unrecognized command line option '-qversion'; did you mean '--version'?
g++: fatal error: no input files
compilation terminated.
configure:12405: $? = 1
configure:12409: checking whether we are using the GNU C++ compiler
configure:12428: g++ -c   conftest.cpp >&5
configure:12428: $? = 0
configure:12437: result: yes
configure:12446: checking whether g++ accepts -g
configure:12466: g++ -c -g  conftest.cpp >&5
configure:12466: $? = 0
configure:12507: result: yes
configure:12548: checking how to run the C++ preprocessor
configure:12575: g++ -E  conftest.cpp
configure:12575: $? = 0
configure:12589: g++ -E  conftest.cpp
conftest.cpp:23:28: fatal error: ac_nonexistent.h: No such file or directory
 #include <ac_nonexistent.h>
                            ^
compilation terminated.
configure:12589: $? = 1
configure: failed program was:
| /* confdefs.h */
| #define PACKAGE_NAME "cumbia-tango"
| #define PACKAGE_TARNAME "cumbia-tango"
| #define PACKAGE_VERSION "0.1.0"
| #define PACKAGE_STRING "cumbia-tango 0.1.0"
| #define PACKAGE_BUGREPORT "giacomo.strangolino@elettra.trieste.it"
| #define PACKAGE_URL ""
| #define STDC_HEADERS 1
| #define HAVE_SYS_TYPES_H 1
| #define HAVE_SYS_STAT_H 1
| #define HAVE_STDLIB_H 1
| #define HAVE_STRING_H 1
| #define HAVE_MEMORY_H 1
| #define HAVE_STRINGS_H 1
| #define HAVE_INTTYPES_H 1
| #define HAVE_STDINT_H 1
| #define HAVE_UNISTD_H 1
| #define HAVE_DLFCN_H 1
| #define LT_OBJDIR ".libs/"
| #define PACKAGE "cumbia-tango"
| #define VERSION "0.1.0"
| /* end confdefs.h.  */
| #include <ac_nonexistent.h>
configure:12614: result: g++ -E
configure:12634: g++ -E  conftest.cpp
configure:12634: $? = 0
configure:12648: g++ -E  conftest.cpp
conftest.cpp:23:28: fatal error: ac_nonexistent.h: No such file or directory
 #include <ac_nonexistent.h>
                            ^
compilation terminated.
configure:12648: $? = 1
configure: failed program was:
| /* confdefs.h */
| #define PACKAGE_NAME "cumbia-tango"
| #define PACKAGE_TARNAME "cumbia-tango"
| #define PACKAGE_VERSION "0.1.0"
| #define PACKAGE_STRING "cumbia-tango 0.1.0"
| #define PACKAGE_BUGREPORT "giacomo.strangolino@elettra.trieste.it"
| #define PACKAGE_URL ""
| #define STDC_HEADERS 1
| #define HAVE_SYS_TYPES_H 1
| #define HAVE_SYS_STAT_H 1
| #define HAVE_STDLIB_H 1
| #define HAVE_STRING_H 1
| #define HAVE_MEMORY_H 1
| #define HAVE_STRINGS_H 1
| #define HAVE_INTTYPES_H 1
| #define HAVE_STDINT_H 1
| #define HAVE_UNISTD_H 1
| #define HAVE_DLFCN_H 1
| #define LT_OBJDIR ".libs/"
| #define PACKAGE "cumbia-tango"
| #define VERSION "0.1.0"
| /* end confdefs.h.  */
| #include <ac_nonexistent.h>
configure:12810: checking for ld used by g++
configure:12877: result: /usr/x86_64-pc-linux-gnu/bin/ld -m elf_x86_64
configure:12884: checking if the linker (/usr/x86_64-pc-linux-gnu/bin/ld -m elf_x86_64) is GNU ld
configure:12899: result: yes
configure:12954: checking whether the g++ linker (/usr/x86_64-pc-linux-gnu/bin/ld -m elf_x86_64) supports shared libraries
configure:14027: result: yes
configure:14063: g++ -c -g -O2  conftest.cpp >&5
configure:14066: $? = 0
configure:14547: checking for g++ option to produce PIC
configure:14554: result: -fPIC -DPIC
configure:14562: checking if g++ PIC flag -fPIC -DPIC works
configure:14580: g++ -c -g -O2  -fPIC -DPIC -DPIC conftest.cpp >&5
configure:14584: $? = 0
configure:14597: result: yes
configure:14620: checking if g++ static flag -static works
configure:14648: result: yes
configure:14660: checking if g++ supports -c -o file.o
configure:14681: g++ -c -g -O2  -o out/conftest2.o conftest.cpp >&5
configure:14685: $? = 0
configure:14707: result: yes
configure:14712: checking if g++ supports -c -o file.o
configure:14759: result: yes
configure:14789: checking whether the g++ linker (/usr/x86_64-pc-linux-gnu/bin/ld -m elf_x86_64) supports shared libraries
configure:14829: result: yes
configure:14970: checking dynamic linker characteristics
configure:15728: result: GNU/Linux ld.so
configure:15793: checking how to hardcode library paths into programs
configure:15818: result: immediate
configure:15860: checking dependency style of g++
configure:15971: result: gcc3
configure:16034: checking for gcc
configure:16061: result: gcc
configure:16290: checking for C compiler version
configure:16299: gcc --version >&5
gcc (Gentoo 6.4.0 p1.0) 6.4.0
Copyright (C) 2017 Free Software Foundation, Inc.
This is free software; see the source for copying conditions.  There is NO
warranty; not even for MERCHANTABILITY or FITNESS FOR A PARTICULAR PURPOSE.

configure:16310: $? = 0
configure:16299: gcc -v >&5
Using built-in specs.
COLLECT_GCC=/usr/x86_64-pc-linux-gnu/gcc-bin/6.4.0/gcc
COLLECT_LTO_WRAPPER=/usr/libexec/gcc/x86_64-pc-linux-gnu/6.4.0/lto-wrapper
Target: x86_64-pc-linux-gnu
Configured with: /var/tmp/portage/sys-devel/gcc-6.4.0/work/gcc-6.4.0/configure --host=x86_64-pc-linux-gnu --build=x86_64-pc-linux-gnu --prefix=/usr --bindir=/usr/x86_64-pc-linux-gnu/gcc-bin/6.4.0 --includedir=/usr/lib/gcc/x86_64-pc-linux-gnu/6.4.0/include --datadir=/usr/share/gcc-data/x86_64-pc-linux-gnu/6.4.0 --mandir=/usr/share/gcc-data/x86_64-pc-linux-gnu/6.4.0/man --infodir=/usr/share/gcc-data/x86_64-pc-linux-gnu/6.4.0/info --with-gxx-include-dir=/usr/lib/gcc/x86_64-pc-linux-gnu/6.4.0/include/g++-v6 --with-python-dir=/share/gcc-data/x86_64-pc-linux-gnu/6.4.0/python --enable-languages=c,c++,fortran --enable-obsolete --enable-secureplt --disable-werror --with-system-zlib --enable-nls --without-included-gettext --enable-checking=release --with-bugurl=https://bugs.gentoo.org/ --with-pkgversion='Gentoo 6.4.0 p1.0' --disable-esp --enable-libstdcxx-time --enable-shared --enable-threads=posix --enable-__cxa_atexit --enable-clocale=gnu --enable-multilib --with-multilib-list=m32,m64 --disable-altivec --disable-fixed-point --enable-targets=all --disable-libgcj --enable-libgomp --disable-libmudflap --disable-libssp --disable-libcilkrts --disable-libmpx --enable-vtable-verify --enable-libvtv --enable-lto --without-isl --enable-libsanitizer --disable-default-pie --enable-default-ssp
Thread model: posix
gcc version 6.4.0 (Gentoo 6.4.0 p1.0) 
configure:16310: $? = 0
configure:16299: gcc -V >&5
gcc: error: unrecognized command line option '-V'
gcc: fatal error: no input files
compilation terminated.
configure:16310: $? = 1
configure:16299: gcc -qversion >&5
gcc: error: unrecognized command line option '-qversion'; did you mean '--version'?
gcc: fatal error: no input files
compilation terminated.
configure:16310: $? = 1
configure:16314: checking whether we are using the GNU C compiler
configure:16342: result: yes
configure:16351: checking whether gcc accepts -g
configure:16412: result: yes
configure:16429: checking for gcc option to accept ISO C89
configure:16505: result: none needed
configure:16530: checking whether gcc understands -c and -o together
configure:16567: result: yes
configure:16589: checking how to run the C preprocessor
configure:16659: result: gcc -E
configure:16679: gcc -E  conftest.c
configure:16679: $? = 0
configure:16693: gcc -E  conftest.c
conftest.c:23:28: fatal error: ac_nonexistent.h: No such file or directory
 #include <ac_nonexistent.h>
                            ^
compilation terminated.
configure:16693: $? = 1
configure: failed program was:
| /* confdefs.h */
| #define PACKAGE_NAME "cumbia-tango"
| #define PACKAGE_TARNAME "cumbia-tango"
| #define PACKAGE_VERSION "0.1.0"
| #define PACKAGE_STRING "cumbia-tango 0.1.0"
| #define PACKAGE_BUGREPORT "giacomo.strangolino@elettra.trieste.it"
| #define PACKAGE_URL ""
| #define STDC_HEADERS 1
| #define HAVE_SYS_TYPES_H 1
| #define HAVE_SYS_STAT_H 1
| #define HAVE_STDLIB_H 1
| #define HAVE_STRING_H 1
| #define HAVE_MEMORY_H 1
| #define HAVE_STRINGS_H 1
| #define HAVE_INTTYPES_H 1
| #define HAVE_STDINT_H 1
| #define HAVE_UNISTD_H 1
| #define HAVE_DLFCN_H 1
| #define LT_OBJDIR ".libs/"
| #define PACKAGE "cumbia-tango"
| #define VERSION "0.1.0"
| /* end confdefs.h.  */
| #include <ac_nonexistent.h>
configure:16722: checking whether ln -s works
configure:16726: result: yes
configure:16733: checking whether make sets $(MAKE)
configure:16755: result: yes
configure:16769: checking for main in -lGL
configure:16788: gcc -o conftest -g -O2   conftest.c -lGL   >&5
configure:16788: $? = 0
configure:16797: result: yes
configure:16809: checking for pthread_create in -lpthread
configure:16834: gcc -o conftest -g -O2   conftest.c -lpthread  -lGL  >&5
configure:16834: $? = 0
configure:16843: result: yes
configure:16859: checking float.h usability
configure:16859: gcc -c -g -O2  conftest.c >&5
configure:16859: $? = 0
configure:16859: result: yes
configure:16859: checking float.h presence
configure:16859: gcc -E  conftest.c
configure:16859: $? = 0
configure:16859: result: yes
configure:16859: checking for float.h
configure:16859: result: yes
configure:16859: checking limits.h usability
configure:16859: gcc -c -g -O2  conftest.c >&5
configure:16859: $? = 0
configure:16859: result: yes
configure:16859: checking limits.h presence
configure:16859: gcc -E  conftest.c
configure:16859: $? = 0
configure:16859: result: yes
configure:16859: checking for limits.h
configure:16859: result: yes
configure:16859: checking for stdlib.h
configure:16859: result: yes
configure:16859: checking for string.h
configure:16859: result: yes
configure:16859: checking for strings.h
configure:16859: result: yes
configure:16859: checking sys/time.h usability
configure:16859: gcc -c -g -O2  conftest.c >&5
configure:16859: $? = 0
configure:16859: result: yes
configure:16859: checking sys/time.h presence
configure:16859: gcc -E  conftest.c
configure:16859: $? = 0
configure:16859: result: yes
configure:16859: checking for sys/time.h
configure:16859: result: yes
configure:16859: checking for unistd.h
configure:16859: result: yes
configure:16859: checking math.h usability
configure:16859: gcc -c -g -O2  conftest.c >&5
configure:16859: $? = 0
configure:16859: result: yes
configure:16859: checking math.h presence
configure:16859: gcc -E  conftest.c
configure:16859: $? = 0
configure:16859: result: yes
configure:16859: checking for math.h
configure:16859: result: yes
configure:16875: checking for size_t
configure:16875: gcc -c -g -O2  conftest.c >&5
configure:16875: $? = 0
configure:16875: gcc -c -g -O2  conftest.c >&5
conftest.c: In function 'main':
conftest.c:69:21: error: expected expression before ')' token
 if (sizeof ((size_t)))
                     ^
configure:16875: $? = 1
configure: failed program was:
| /* confdefs.h */
| #define PACKAGE_NAME "cumbia-tango"
| #define PACKAGE_TARNAME "cumbia-tango"
| #define PACKAGE_VERSION "0.1.0"
| #define PACKAGE_STRING "cumbia-tango 0.1.0"
| #define PACKAGE_BUGREPORT "giacomo.strangolino@elettra.trieste.it"
| #define PACKAGE_URL ""
| #define STDC_HEADERS 1
| #define HAVE_SYS_TYPES_H 1
| #define HAVE_SYS_STAT_H 1
| #define HAVE_STDLIB_H 1
| #define HAVE_STRING_H 1
| #define HAVE_MEMORY_H 1
| #define HAVE_STRINGS_H 1
| #define HAVE_INTTYPES_H 1
| #define HAVE_STDINT_H 1
| #define HAVE_UNISTD_H 1
| #define HAVE_DLFCN_H 1
| #define LT_OBJDIR ".libs/"
| #define PACKAGE "cumbia-tango"
| #define VERSION "0.1.0"
| #define HAVE_LIBGL 1
| #define HAVE_LIBPTHREAD 1
| #define HAVE_FLOAT_H 1
| #define HAVE_LIMITS_H 1
| #define HAVE_STDLIB_H 1
| #define HAVE_STRING_H 1
| #define HAVE_STRINGS_H 1
| #define HAVE_SYS_TIME_H 1
| #define HAVE_UNISTD_H 1
| #define HAVE_MATH_H 1
| /* end confdefs.h.  */
| #include <stdio.h>
| #ifdef HAVE_SYS_TYPES_H
| # include <sys/types.h>
| #endif
| #ifdef HAVE_SYS_STAT_H
| # include <sys/stat.h>
| #endif
| #ifdef STDC_HEADERS
| # include <stdlib.h>
| # include <stddef.h>
| #else
| # ifdef HAVE_STDLIB_H
| #  include <stdlib.h>
| # endif
| #endif
| #ifdef HAVE_STRING_H
| # if !defined STDC_HEADERS && defined HAVE_MEMORY_H
| #  include <memory.h>
| # endif
| # include <string.h>
| #endif
| #ifdef HAVE_STRINGS_H
| # include <strings.h>
| #endif
| #ifdef HAVE_INTTYPES_H
| # include <inttypes.h>
| #endif
| #ifdef HAVE_STDINT_H
| # include <stdint.h>
| #endif
| #ifdef HAVE_UNISTD_H
| # include <unistd.h>
| #endif
| int
| main ()
| {
| if (sizeof ((size_t)))
| 	    return 0;
|   ;
|   return 0;
| }
configure:16875: result: yes
configure:16886: checking for ssize_t
configure:16886: gcc -c -g -O2  conftest.c >&5
configure:16886: $? = 0
configure:16886: gcc -c -g -O2  conftest.c >&5
conftest.c: In function 'main':
conftest.c:69:22: error: expected expression before ')' token
 if (sizeof ((ssize_t)))
                      ^
configure:16886: $? = 1
configure: failed program was:
| /* confdefs.h */
| #define PACKAGE_NAME "cumbia-tango"
| #define PACKAGE_TARNAME "cumbia-tango"
| #define PACKAGE_VERSION "0.1.0"
| #define PACKAGE_STRING "cumbia-tango 0.1.0"
| #define PACKAGE_BUGREPORT "giacomo.strangolino@elettra.trieste.it"
| #define PACKAGE_URL ""
| #define STDC_HEADERS 1
| #define HAVE_SYS_TYPES_H 1
| #define HAVE_SYS_STAT_H 1
| #define HAVE_STDLIB_H 1
| #define HAVE_STRING_H 1
| #define HAVE_MEMORY_H 1
| #define HAVE_STRINGS_H 1
| #define HAVE_INTTYPES_H 1
| #define HAVE_STDINT_H 1
| #define HAVE_UNISTD_H 1
| #define HAVE_DLFCN_H 1
| #define LT_OBJDIR ".libs/"
| #define PACKAGE "cumbia-tango"
| #define VERSION "0.1.0"
| #define HAVE_LIBGL 1
| #define HAVE_LIBPTHREAD 1
| #define HAVE_FLOAT_H 1
| #define HAVE_LIMITS_H 1
| #define HAVE_STDLIB_H 1
| #define HAVE_STRING_H 1
| #define HAVE_STRINGS_H 1
| #define HAVE_SYS_TIME_H 1
| #define HAVE_UNISTD_H 1
| #define HAVE_MATH_H 1
| /* end confdefs.h.  */
| #include <stdio.h>
| #ifdef HAVE_SYS_TYPES_H
| # include <sys/types.h>
| #endif
| #ifdef HAVE_SYS_STAT_H
| # include <sys/stat.h>
| #endif
| #ifdef STDC_HEADERS
| # include <stdlib.h>
| # include <stddef.h>
| #else
| # ifdef HAVE_STDLIB_H
| #  include <stdlib.h>
| # endif
| #endif
| #ifdef HAVE_STRING_H
| # if !defined STDC_HEADERS && defined HAVE_MEMORY_H
| #  include <memory.h>
| # endif
| # include <string.h>
| #endif
| #ifdef HAVE_STRINGS_H
| # include <strings.h>
| #endif
| #ifdef HAVE_INTTYPES_H
| # include <inttypes.h>
| #endif
| #ifdef HAVE_STDINT_H
| # include <stdint.h>
| #endif
| #ifdef HAVE_UNISTD_H
| # include <unistd.h>
| #endif
| int
| main ()
| {
| if (sizeof ((ssize_t)))
| 	    return 0;
|   ;
|   return 0;
| }
configure:16886: result: yes
configure:16899: checking whether time.h and sys/time.h may both be included
configure:16919: gcc -c -g -O2  conftest.c >&5
configure:16919: $? = 0
configure:16926: result: yes
configure:16940: checking for sys/time.h
configure:16940: result: yes
configure:16940: checking for unistd.h
configure:16940: result: yes
configure:16961: checking for alarm
configure:16961: gcc -o conftest -g -O2   conftest.c -lpthread -lGL  >&5
configure:16961: $? = 0
configure:16961: result: yes
configure:16974: checking for working mktime
configure:17176: gcc -o conftest -g -O2   conftest.c -lpthread -lGL  >&5
configure:17176: $? = 0
configure:17176: ./conftest
configure:17176: $? = 0
configure:17186: result: yes
configure:17199: checking for stdlib.h
configure:17199: result: yes
configure:17209: checking for GNU libc compatible realloc
configure:17233: gcc -o conftest -g -O2   conftest.c -lpthread -lGL  >&5
configure:17233: $? = 0
configure:17233: ./conftest
configure:17233: $? = 0
configure:17243: result: yes
configure:17264: checking for working strtod
configure:17305: gcc -o conftest -g -O2   conftest.c -lpthread -lGL  >&5
configure:17305: $? = 0
configure:17305: ./conftest
configure:17305: $? = 0
configure:17315: result: yes
configure:17380: checking for gettimeofday
configure:17380: gcc -o conftest -g -O2   conftest.c -lpthread -lGL  >&5
configure:17380: $? = 0
configure:17380: result: yes
configure:17380: checking for localtime_r
configure:17380: gcc -o conftest -g -O2   conftest.c -lpthread -lGL  >&5
configure:17380: $? = 0
configure:17380: result: yes
configure:17380: checking for memset
configure:17380: gcc -o conftest -g -O2   conftest.c -lpthread -lGL  >&5
conftest.c:64:6: warning: conflicting types for built-in function 'memset'
 char memset ();
      ^~~~~~
configure:17380: $? = 0
configure:17380: result: yes
configure:17380: checking for select
configure:17380: gcc -o conftest -g -O2   conftest.c -lpthread -lGL  >&5
configure:17380: $? = 0
configure:17380: result: yes
configure:17380: checking for strcasecmp
configure:17380: gcc -o conftest -g -O2   conftest.c -lpthread -lGL  >&5
conftest.c:66:6: warning: conflicting types for built-in function 'strcasecmp'
 char strcasecmp ();
      ^~~~~~~~~~
configure:17380: $? = 0
configure:17380: result: yes
configure:17380: checking for strchr
configure:17380: gcc -o conftest -g -O2   conftest.c -lpthread -lGL  >&5
conftest.c:67:6: warning: conflicting types for built-in function 'strchr'
 char strchr ();
      ^~~~~~
configure:17380: $? = 0
configure:17380: result: yes
configure:17380: checking for strerror
configure:17380: gcc -o conftest -g -O2   conftest.c -lpthread -lGL  >&5
configure:17380: $? = 0
configure:17380: result: yes
configure:17380: checking for strstr
configure:17380: gcc -o conftest -g -O2   conftest.c -lpthread -lGL  >&5
conftest.c:69:6: warning: conflicting types for built-in function 'strstr'
 char strstr ();
      ^~~~~~
configure:17380: $? = 0
configure:17380: result: yes
configure:17380: checking for strtol
configure:17380: gcc -o conftest -g -O2   conftest.c -lpthread -lGL  >&5
configure:17380: $? = 0
configure:17380: result: yes
configure:17380: checking for strtoul
configure:17380: gcc -o conftest -g -O2   conftest.c -lpthread -lGL  >&5
configure:17380: $? = 0
configure:17380: result: yes
configure:17502: checking for doxygen
configure:17520: found /usr/bin/doxygen
configure:17532: result: /usr/bin/doxygen
configure:17608: checking for perl
configure:17626: found /usr/bin/perl
configure:17638: result: /usr/bin/perl
configure:19288: checking for pkg-config
configure:19306: found /usr/bin/pkg-config
configure:19318: result: /usr/bin/pkg-config
configure:19343: checking pkg-config is at least version 0.9.0
configure:19346: result: yes
configure:19356: checking for tango >= 9.2.2
configure:19363: $PKG_CONFIG --exists --print-errors "tango >= 9.2.2"
configure:19366: $? = 0
configure:19380: $PKG_CONFIG --exists --print-errors "tango >= 9.2.2"
configure:19383: $? = 0
configure:19441: result: yes
configure:19447: checking for cumbia >= 0.1.0
configure:19454: $PKG_CONFIG --exists --print-errors "cumbia >= 0.1.0"
configure:19457: $? = 0
configure:19471: $PKG_CONFIG --exists --print-errors "cumbia >= 0.1.0"
configure:19474: $? = 0
configure:19532: result: yes
configure:19582: checking whether g++ supports C++11 features by default
configure:19876: g++ -c -g -O2  conftest.cpp >&5
configure:19876: $? = 0
configure:19883: result: yes
configure:20385: checking that generated files are newer than configure
configure:20391: result: done
configure:20462: creating ./config.status

## ---------------------- ##
## Running config.status. ##
## ---------------------- ##

This file was extended by cumbia-tango config.status 0.1.0, which was
generated by GNU Autoconf 2.69.  Invocation command line was

  CONFIG_FILES    = 
  CONFIG_HEADERS  = 
  CONFIG_LINKS    = 
  CONFIG_COMMANDS = 
  $ ./config.status 

on woody

config.status:1133: creating Makefile
config.status:1133: creating lib/cumbia-tango.pc
config.status:1305: executing libtool commands
config.status:1305: executing depfiles commands

## ---------------- ##
## Cache variables. ##
## ---------------- ##

ac_cv_build=x86_64-pc-linux-gnu
ac_cv_c_compiler_gnu=yes
ac_cv_cxx_compiler_gnu=yes
ac_cv_env_CCC_set=
ac_cv_env_CCC_value=
ac_cv_env_CC_set=
ac_cv_env_CC_value=
ac_cv_env_CFLAGS_set=
ac_cv_env_CFLAGS_value=
ac_cv_env_CPPFLAGS_set=
ac_cv_env_CPPFLAGS_value=
ac_cv_env_CPP_set=
ac_cv_env_CPP_value=
ac_cv_env_CXXCPP_set=
ac_cv_env_CXXCPP_value=
ac_cv_env_CXXFLAGS_set=
ac_cv_env_CXXFLAGS_value=
ac_cv_env_CXX_set=
ac_cv_env_CXX_value=
ac_cv_env_DOXYGEN_PAPER_SIZE_set=
ac_cv_env_DOXYGEN_PAPER_SIZE_value=
ac_cv_env_LDFLAGS_set=
ac_cv_env_LDFLAGS_value=
ac_cv_env_LIBS_set=
ac_cv_env_LIBS_value=
ac_cv_env_LT_SYS_LIBRARY_PATH_set=
ac_cv_env_LT_SYS_LIBRARY_PATH_value=
ac_cv_env_PKG_CONFIG_LIBDIR_set=
ac_cv_env_PKG_CONFIG_LIBDIR_value=
ac_cv_env_PKG_CONFIG_PATH_set=set
ac_cv_env_PKG_CONFIG_PATH_value=/usr/local/lib/pkgconfig:/usr/local/tango-9.2.5a/lib/pkgconfig:/usr/local/omniorb-4.2.1/lib/pkgconfig:/usr/local/zeromq-4.0.7/lib/pkgconfig:/home/giacomo/devel/epics/base-3.16.1/lib/pkgconfig:/usr/local/qwt-6.1.3/lib/pkgconfig
ac_cv_env_PKG_CONFIG_set=
ac_cv_env_PKG_CONFIG_value=
ac_cv_env_build_alias_set=
ac_cv_env_build_alias_value=
ac_cv_env_cumbia_CFLAGS_set=
ac_cv_env_cumbia_CFLAGS_value=
ac_cv_env_cumbia_LIBS_set=
ac_cv_env_cumbia_LIBS_value=
ac_cv_env_host_alias_set=
ac_cv_env_host_alias_value=
ac_cv_env_tango_CFLAGS_set=
ac_cv_env_tango_CFLAGS_value=
ac_cv_env_tango_LIBS_set=
ac_cv_env_tango_LIBS_value=
ac_cv_env_target_alias_set=
ac_cv_env_target_alias_value=
ac_cv_func_alarm=yes
ac_cv_func_gettimeofday=yes
ac_cv_func_localtime_r=yes
ac_cv_func_memset=yes
ac_cv_func_realloc_0_nonnull=yes
ac_cv_func_select=yes
ac_cv_func_strcasecmp=yes
ac_cv_func_strchr=yes
ac_cv_func_strerror=yes
ac_cv_func_strstr=yes
ac_cv_func_strtod=yes
ac_cv_func_strtol=yes
ac_cv_func_strtoul=yes
ac_cv_func_working_mktime=yes
ac_cv_header_dlfcn_h=yes
ac_cv_header_float_h=yes
ac_cv_header_inttypes_h=yes
ac_cv_header_limits_h=yes
ac_cv_header_math_h=yes
ac_cv_header_memory_h=yes
ac_cv_header_stdc=yes
ac_cv_header_stdint_h=yes
ac_cv_header_stdlib_h=yes
ac_cv_header_string_h=yes
ac_cv_header_strings_h=yes
ac_cv_header_sys_stat_h=yes
ac_cv_header_sys_time_h=yes
ac_cv_header_sys_types_h=yes
ac_cv_header_time=yes
ac_cv_header_unistd_h=yes
ac_cv_host=x86_64-pc-linux-gnu
ac_cv_lib_GL_main=yes
ac_cv_lib_pthread_pthread_create=yes
ac_cv_objext=o
ac_cv_path_EGREP='/bin/grep -E'
ac_cv_path_FGREP='/bin/grep -F'
ac_cv_path_GREP=/bin/grep
ac_cv_path_SED=/bin/sed
ac_cv_path_ac_pt_DX_DOXYGEN=/usr/bin/doxygen
ac_cv_path_ac_pt_DX_PERL=/usr/bin/perl
ac_cv_path_ac_pt_PKG_CONFIG=/usr/bin/pkg-config
ac_cv_path_install='/usr/bin/install -c'
ac_cv_path_lt_DD=/bin/dd
ac_cv_path_mkdir=/bin/mkdir
ac_cv_prog_AWK=gawk
ac_cv_prog_CPP='gcc -E'
ac_cv_prog_CXXCPP='g++ -E'
ac_cv_prog_ac_ct_AR=ar
ac_cv_prog_ac_ct_CC=gcc
ac_cv_prog_ac_ct_CXX=g++
ac_cv_prog_ac_ct_OBJDUMP=objdump
ac_cv_prog_ac_ct_RANLIB=ranlib
ac_cv_prog_ac_ct_STRIP=strip
ac_cv_prog_cc_c89=
ac_cv_prog_cc_g=yes
ac_cv_prog_cxx_g=yes
ac_cv_prog_make_make_set=yes
ac_cv_type_size_t=yes
ac_cv_type_ssize_t=yes
am_cv_CC_dependencies_compiler_type=gcc3
am_cv_CXX_dependencies_compiler_type=gcc3
am_cv_make_support_nested_variables=yes
am_cv_prog_cc_c_o=yes
ax_cv_cxx_compile_cxx11=yes
lt_cv_ar_at_file=@
lt_cv_archive_cmds_need_lc=no
lt_cv_deplibs_check_method=pass_all
lt_cv_file_magic_cmd='$MAGIC_CMD'
lt_cv_file_magic_test_file=
lt_cv_ld_reload_flag=-r
lt_cv_nm_interface='BSD nm'
lt_cv_objdir=.libs
lt_cv_path_LD=/usr/x86_64-pc-linux-gnu/bin/ld
lt_cv_path_LDCXX='/usr/x86_64-pc-linux-gnu/bin/ld -m elf_x86_64'
lt_cv_path_NM='/usr/bin/nm -B'
lt_cv_path_mainfest_tool=no
lt_cv_prog_compiler_c_o=yes
lt_cv_prog_compiler_c_o_CXX=yes
lt_cv_prog_compiler_pic='-fPIC -DPIC'
lt_cv_prog_compiler_pic_CXX='-fPIC -DPIC'
lt_cv_prog_compiler_pic_works=yes
lt_cv_prog_compiler_pic_works_CXX=yes
lt_cv_prog_compiler_rtti_exceptions=no
lt_cv_prog_compiler_static_works=yes
lt_cv_prog_compiler_static_works_CXX=yes
lt_cv_prog_gnu_ld=yes
lt_cv_prog_gnu_ldcxx=yes
lt_cv_sharedlib_from_linklib_cmd='printf %s\n'
lt_cv_shlibpath_overrides_runpath=yes
lt_cv_sys_global_symbol_pipe='sed -n -e '\''s/^.*[	 ]\([ABCDGIRSTW][ABCDGIRSTW]*\)[	 ][	 ]*\([_A-Za-z][_A-Za-z0-9]*\)$/\1 \2 \2/p'\'' | sed '\''/ __gnu_lto/d'\'''
lt_cv_sys_global_symbol_to_c_name_address='sed -n -e '\''s/^: \(.*\) .*$/  {"\1", (void *) 0},/p'\'' -e '\''s/^[ABCDGIRSTW][ABCDGIRSTW]* .* \(.*\)$/  {"\1", (void *) \&\1},/p'\'''
lt_cv_sys_global_symbol_to_c_name_address_lib_prefix='sed -n -e '\''s/^: \(.*\) .*$/  {"\1", (void *) 0},/p'\'' -e '\''s/^[ABCDGIRSTW][ABCDGIRSTW]* .* \(lib.*\)$/  {"\1", (void *) \&\1},/p'\'' -e '\''s/^[ABCDGIRSTW][ABCDGIRSTW]* .* \(.*\)$/  {"lib\1", (void *) \&\1},/p'\'''
lt_cv_sys_global_symbol_to_cdecl='sed -n -e '\''s/^T .* \(.*\)$/extern int \1();/p'\'' -e '\''s/^[ABCDGIRSTW][ABCDGIRSTW]* .* \(.*\)$/extern char \1;/p'\'''
lt_cv_sys_global_symbol_to_import=
lt_cv_sys_max_cmd_len=1572864
lt_cv_to_host_file_cmd=func_convert_file_noop
lt_cv_to_tool_file_cmd=func_convert_file_noop
lt_cv_truncate_bin='/bin/dd bs=4096 count=1'
pkg_cv_cumbia_CFLAGS=-I/usr/local/include/cumbia
pkg_cv_cumbia_LIBS='-L/usr/local/lib -lcumbia'
pkg_cv_tango_CFLAGS='-std=c++11 -D__x86_64__ -D__linux__ -D__OSVERSION__=2 -I/usr/local/tango-9.2.5a/include/tango -I/usr/local/omniorb-4.2.1/include -I/usr/local/zeromq-4.0.7/include'
pkg_cv_tango_LIBS='-L/usr/local/tango-9.2.5a/lib -L/usr/local/omniorb-4.2.1/lib -L/usr/local/zeromq-4.0.7/lib -ltango -lomniDynamic4 -lCOS4 -lomniORB4 -lomnithread -llog4tango -lzmq'

## ----------------- ##
## Output variables. ##
## ----------------- ##

ACLOCAL='${SHELL} /home/giacomo/devel/utils/git/cppqtclients/cumbia-libs/cumbia-tango/missing aclocal-1.15'
AMDEPBACKSLASH='\'
AMDEP_FALSE='#'
AMDEP_TRUE=''
AMTAR='$${TAR-tar}'
AM_BACKSLASH='\'
AM_DEFAULT_V='$(AM_DEFAULT_VERBOSITY)'
AM_DEFAULT_VERBOSITY='1'
AM_V='$(V)'
AR='ar'
AUTOCONF='${SHELL} /home/giacomo/devel/utils/git/cppqtclients/cumbia-libs/cumbia-tango/missing autoconf'
AUTOHEADER='${SHELL} /home/giacomo/devel/utils/git/cppqtclients/cumbia-libs/cumbia-tango/missing autoheader'
AUTOMAKE='${SHELL} /home/giacomo/devel/utils/git/cppqtclients/cumbia-libs/cumbia-tango/missing automake-1.15'
AWK='gawk'
CC='gcc'
CCDEPMODE='depmode=gcc3'
CFLAGS='-g -O2'
CPP='gcc -E'
CPPFLAGS=''
CUMBIA_TANGO_VERSION='0.1.0'
CXX='g++'
CXXCPP='g++ -E'
CXXDEPMODE='depmode=gcc3'
CXXFLAGS='-g -O2'
CYGPATH_W='echo'
DEFS='-DPACKAGE_NAME=\"cumbia-tango\" -DPACKAGE_TARNAME=\"cumbia-tango\" -DPACKAGE_VERSION=\"0.1.0\" -DPACKAGE_STRING=\"cumbia-tango\ 0.1.0\" -DPACKAGE_BUGREPORT=\"giacomo.strangolino@elettra.trieste.it\" -DPACKAGE_URL=\"\" -DSTDC_HEADERS=1 -DHAVE_SYS_TYPES_H=1 -DHAVE_SYS_STAT_H=1 -DHAVE_STDLIB_H=1 -DHAVE_STRING_H=1 -DHAVE_MEMORY_H=1 -DHAVE_STRINGS_H=1 -DHAVE_INTTYPES_H=1 -DHAVE_STDINT_H=1 -DHAVE_UNISTD_H=1 -DHAVE_DLFCN_H=1 -DLT_OBJDIR=\".libs/\" -DPACKAGE=\"cumbia-tango\" -DVERSION=\"0.1.0\" -DHAVE_LIBGL=1 -DHAVE_LIBPTHREAD=1 -DHAVE_FLOAT_H=1 -DHAVE_LIMITS_H=1 -DHAVE_STDLIB_H=1 -DHAVE_STRING_H=1 -DHAVE_STRINGS_H=1 -DHAVE_SYS_TIME_H=1 -DHAVE_UNISTD_H=1 -DHAVE_MATH_H=1 -DTIME_WITH_SYS_TIME=1 -DHAVE_SYS_TIME_H=1 -DHAVE_UNISTD_H=1 -DHAVE_ALARM=1 -DHAVE_STDLIB_H=1 -DHAVE_REALLOC=1 -DHAVE_GETTIMEOFDAY=1 -DHAVE_LOCALTIME_R=1 -DHAVE_MEMSET=1 -DHAVE_SELECT=1 -DHAVE_STRCASECMP=1 -DHAVE_STRCHR=1 -DHAVE_STRERROR=1 -DHAVE_STRSTR=1 -DHAVE_STRTOL=1 -DHAVE_STRTOUL=1 -DHAVE_CXX11=1 -DCUMBIA_PRINTINFO=1'
DEPDIR='.deps'
DLLTOOL='false'
DOXYGEN_PAPER_SIZE=''
DSYMUTIL=''
DUMPBIN=''
DX_COND_chi_FALSE=''
DX_COND_chi_TRUE='#'
DX_COND_chm_FALSE=''
DX_COND_chm_TRUE='#'
DX_COND_doc_FALSE='#'
DX_COND_doc_TRUE=''
DX_COND_dot_FALSE=''
DX_COND_dot_TRUE='#'
DX_COND_html_FALSE='#'
DX_COND_html_TRUE=''
DX_COND_latex_FALSE=''
DX_COND_latex_TRUE='#'
DX_COND_man_FALSE=''
DX_COND_man_TRUE='#'
DX_COND_pdf_FALSE=''
DX_COND_pdf_TRUE='#'
DX_COND_ps_FALSE=''
DX_COND_ps_TRUE='#'
DX_COND_rtf_FALSE=''
DX_COND_rtf_TRUE='#'
DX_COND_xml_FALSE=''
DX_COND_xml_TRUE='#'
DX_CONFIG='Doxyfile.in'
DX_DOCDIR='doc'
DX_DOT=''
DX_DOXYGEN='/usr/bin/doxygen'
DX_DVIPS=''
DX_EGREP=''
DX_ENV=' SRCDIR='\''.'\'' PROJECT='\''cumbia-tango'\'' DOCDIR='\''doc'\'' VERSION='\''0.1.0'\'' PERL_PATH='\''/usr/bin/perl'\'' HAVE_DOT='\''NO'\'' GENERATE_MAN='\''NO'\'' GENERATE_RTF='\''NO'\'' GENERATE_XML='\''NO'\'' GENERATE_HTMLHELP='\''NO'\'' GENERATE_CHI='\''NO'\'' GENERATE_HTML='\''YES'\'' GENERATE_LATEX='\''NO'\'''
DX_FLAG_chi='0'
DX_FLAG_chm='0'
DX_FLAG_doc='1'
DX_FLAG_dot='0'
DX_FLAG_html='1'
DX_FLAG_man='0'
DX_FLAG_pdf='0'
DX_FLAG_ps='0'
DX_FLAG_rtf='0'
DX_FLAG_xml='0'
DX_HHC=''
DX_LATEX=''
DX_MAKEINDEX=''
DX_PDFLATEX=''
DX_PERL='/usr/bin/perl'
DX_PROJECT='cumbia-tango'
ECHO_C=''
ECHO_N='-n'
ECHO_T=''
EGREP='/bin/grep -E'
EXEEXT=''
FGREP='/bin/grep -F'
GREP='/bin/grep'
HAVE_CXX11='1'
INSTALL_DATA='${INSTALL} -m 644'
INSTALL_PROGRAM='${INSTALL}'
INSTALL_SCRIPT='${INSTALL}'
INSTALL_STRIP_PROGRAM='$(install_sh) -c -s'
LD='/usr/x86_64-pc-linux-gnu/bin/ld -m elf_x86_64'
LDFLAGS=''
LIBOBJS=''
LIBS='-lpthread -lGL '
LIBTOOL='$(SHELL) $(top_builddir)/libtool'
LIPO=''
LN_S='ln -s'
LTLIBOBJS=''
LT_SYS_LIBRARY_PATH=''
MAKEINFO='${SHELL} /home/giacomo/devel/utils/git/cppqtclients/cumbia-libs/cumbia-tango/missing makeinfo'
MANIFEST_TOOL=':'
MKDIR_P='/bin/mkdir -p'
NM='/usr/bin/nm -B'
NMEDIT=''
OBJDUMP='objdump'
OBJEXT='o'
OTOOL64=''
OTOOL=''
PACKAGE='cumbia-tango'
PACKAGE_BUGREPORT='giacomo.strangolino@elettra.trieste.it'
PACKAGE_NAME='cumbia-tango'
PACKAGE_STRING='cumbia-tango 0.1.0'
PACKAGE_TARNAME='cumbia-tango'
PACKAGE_URL=''
PACKAGE_VERSION='0.1.0'
PATH_SEPARATOR=':'
PKG_CONFIG='/usr/bin/pkg-config'
PKG_CONFIG_LIBDIR=''
PKG_CONFIG_PATH='/usr/local/lib/pkgconfig:/usr/local/tango-9.2.5a/lib/pkgconfig:/usr/local/omniorb-4.2.1/lib/pkgconfig:/usr/local/zeromq-4.0.7/lib/pkgconfig:/home/giacomo/devel/epics/base-3.16.1/lib/pkgconfig:/usr/local/qwt-6.1.3/lib/pkgconfig'
POW_LIB=''
RANLIB='ranlib'
SED='/bin/sed'
SET_MAKE=''
SHELL='/bin/sh'
STRIP='strip'
VERSION='0.1.0'
ac_ct_AR='ar'
ac_ct_CC='gcc'
ac_ct_CXX='g++'
ac_ct_DUMPBIN=''
am__EXEEXT_FALSE=''
am__EXEEXT_TRUE='#'
am__fastdepCC_FALSE='#'
am__fastdepCC_TRUE=''
am__fastdepCXX_FALSE='#'
am__fastdepCXX_TRUE=''
am__include='include'
am__isrc=''
am__leading_dot='.'
am__nodep='_no'
am__quote=''
am__tar='$${TAR-tar} chof - "$$tardir"'
am__untar='$${TAR-tar} xf -'
bindir='${exec_prefix}/bin'
build='x86_64-pc-linux-gnu'
build_alias=''
build_cpu='x86_64'
build_os='linux-gnu'
build_vendor='pc'
cumbia_CFLAGS='-I/usr/local/include/cumbia'
cumbia_LIBS='-L/usr/local/lib -lcumbia'
datadir='${datarootdir}'
datarootdir='${prefix}/share'
docdir='${datarootdir}/doc/${PACKAGE_TARNAME}'
dvidir='${docdir}'
exec_prefix='${prefix}'
host='x86_64-pc-linux-gnu'
host_alias=''
host_cpu='x86_64'
host_os='linux-gnu'
host_vendor='pc'
htmldir='${docdir}'
includedir='/usr/local/include/cumbia-tango'
infodir='${datarootdir}/info'
install_sh='${SHELL} /home/giacomo/devel/utils/git/cppqtclients/cumbia-libs/cumbia-tango/install-sh'
libdir='${exec_prefix}/lib'
libexecdir='${exec_prefix}/libexec'
localedir='${datarootdir}/locale'
localstatedir='${prefix}/var'
mandir='${datarootdir}/man'
mkdir_p='$(MKDIR_P)'
oldincludedir='/usr/include'
pdfdir='${docdir}'
prefix='/usr/local'
program_transform_name='s,x,x,'
psdir='${docdir}'
sbindir='${exec_prefix}/sbin'
sharedstatedir='${prefix}/com'
sysconfdir='${prefix}/etc'
tango_CFLAGS='-std=c++11 -D__x86_64__ -D__linux__ -D__OSVERSION__=2 -I/usr/local/tango-9.2.5a/include/tango -I/usr/local/omniorb-4.2.1/include -I/usr/local/zeromq-4.0.7/include'
tango_LIBS='-L/usr/local/tango-9.2.5a/lib -L/usr/local/omniorb-4.2.1/lib -L/usr/local/zeromq-4.0.7/lib -ltango -lomniDynamic4 -lCOS4 -lomniORB4 -lomnithread -llog4tango -lzmq'
target_alias=''

## ----------- ##
## confdefs.h. ##
## ----------- ##

/* confdefs.h */
#define PACKAGE_NAME "cumbia-tango"
#define PACKAGE_TARNAME "cumbia-tango"
#define PACKAGE_VERSION "0.1.0"
#define PACKAGE_STRING "cumbia-tango 0.1.0"
#define PACKAGE_BUGREPORT "giacomo.strangolino@elettra.trieste.it"
#define PACKAGE_URL ""
#define STDC_HEADERS 1
#define HAVE_SYS_TYPES_H 1
#define HAVE_SYS_STAT_H 1
#define HAVE_STDLIB_H 1
#define HAVE_STRING_H 1
#define HAVE_MEMORY_H 1
#define HAVE_STRINGS_H 1
#define HAVE_INTTYPES_H 1
#define HAVE_STDINT_H 1
#define HAVE_UNISTD_H 1
#define HAVE_DLFCN_H 1
#define LT_OBJDIR ".libs/"
#define PACKAGE "cumbia-tango"
#define VERSION "0.1.0"
#define HAVE_LIBGL 1
#define HAVE_LIBPTHREAD 1
#define HAVE_FLOAT_H 1
#define HAVE_LIMITS_H 1
#define HAVE_STDLIB_H 1
#define HAVE_STRING_H 1
#define HAVE_STRINGS_H 1
#define HAVE_SYS_TIME_H 1
#define HAVE_UNISTD_H 1
#define HAVE_MATH_H 1
#define TIME_WITH_SYS_TIME 1
#define HAVE_SYS_TIME_H 1
#define HAVE_UNISTD_H 1
#define HAVE_ALARM 1
#define HAVE_STDLIB_H 1
#define HAVE_REALLOC 1
#define HAVE_GETTIMEOFDAY 1
#define HAVE_LOCALTIME_R 1
#define HAVE_MEMSET 1
#define HAVE_SELECT 1
#define HAVE_STRCASECMP 1
#define HAVE_STRCHR 1
#define HAVE_STRERROR 1
#define HAVE_STRSTR 1
#define HAVE_STRTOL 1
#define HAVE_STRTOUL 1
#define HAVE_CXX11 1
#define CUMBIA_PRINTINFO 1

configure: exit 0
