This file contains any messages produced by compilers while
running configure, to aid debugging if configure makes a mistake.

It was created by cumbia-epics configure 0.1.0, which was
generated by GNU Autoconf 2.69.  Invocation command line was

  $ ./configure --prefix=/usr/local --includedir=/usr/local/include/cumbia-epics

## --------- ##
## Platform. ##
## --------- ##

hostname = woody
uname -m = x86_64
uname -r = 4.11.3-gentoo-20170308
uname -s = Linux
uname -v = #2 SMP Mon Jun 12 11:49:09 CEST 2017

/usr/bin/uname -p = Intel(R) Core(TM) i7-3770 CPU @ 3.40GHz
/bin/uname -X     = unknown

/bin/arch              = unknown
/usr/bin/arch -k       = unknown
/usr/convex/getsysinfo = unknown
/usr/bin/hostinfo      = unknown
/bin/machine           = unknown
/usr/bin/oslevel       = unknown
/bin/universe          = unknown

PATH: /usr/lib64/qt5/bin
PATH: /usr/x86_64-pc-linux-gnu/gcc-bin/6.3.0
PATH: /usr/lib/llvm/4/bin
PATH: /usr/local/bin
PATH: /usr/bin
PATH: /bin
PATH: /opt/bin
PATH: /usr/local/tango-9.2.5a/bin
PATH: /usr/local/omniorb-4.1.6/bin
PATH: /runtime/fermi/panels/bin
PATH: /runtime/bin
PATH: /runtime/elettra/bin
PATH: /home/giacomo/devel/android-sdks/adt-bundle-linux-x86_64-20140702/eclipse
PATH: /home/giacomo/devel/android-sdks/adt-bundle-linux-x86_64-20140702/sdk/platform-tools
PATH: .
PATH: /home/giacomo/devel/epics/base-3.16.1/bin/linux-x86_64
PATH: /home/giacomo/devel/android-sdks/adt-bundle-linux-x86_64-20140702/sdk//tools
PATH: /home/giacomo/devel/android-sdks/adt-bundle-linux-x86_64-20140702/sdk//platform-tools


## ----------- ##
## Core tests. ##
## ----------- ##

configure:2621: checking build system type
configure:2635: result: x86_64-pc-linux-gnu
configure:2655: checking host system type
configure:2668: result: x86_64-pc-linux-gnu
configure:2709: checking how to print strings
configure:2736: result: printf
configure:2808: checking for gcc
configure:2824: found /usr/x86_64-pc-linux-gnu/gcc-bin/6.3.0/gcc
configure:2835: result: gcc
configure:3064: checking for C compiler version
configure:3073: gcc --version >&5
gcc (Gentoo 6.3.0 p1.0) 6.3.0
Copyright (C) 2016 Free Software Foundation, Inc.
This is free software; see the source for copying conditions.  There is NO
warranty; not even for MERCHANTABILITY or FITNESS FOR A PARTICULAR PURPOSE.

configure:3084: $? = 0
configure:3073: gcc -v >&5
Using built-in specs.
COLLECT_GCC=gcc
COLLECT_LTO_WRAPPER=/usr/libexec/gcc/x86_64-pc-linux-gnu/6.3.0/lto-wrapper
Target: x86_64-pc-linux-gnu
Configured with: /var/tmp/portage/sys-devel/gcc-6.3.0/work/gcc-6.3.0/configure --host=x86_64-pc-linux-gnu --build=x86_64-pc-linux-gnu --prefix=/usr --bindir=/usr/x86_64-pc-linux-gnu/gcc-bin/6.3.0 --includedir=/usr/lib/gcc/x86_64-pc-linux-gnu/6.3.0/include --datadir=/usr/share/gcc-data/x86_64-pc-linux-gnu/6.3.0 --mandir=/usr/share/gcc-data/x86_64-pc-linux-gnu/6.3.0/man --infodir=/usr/share/gcc-data/x86_64-pc-linux-gnu/6.3.0/info --with-gxx-include-dir=/usr/lib/gcc/x86_64-pc-linux-gnu/6.3.0/include/g++-v6 --with-python-dir=/share/gcc-data/x86_64-pc-linux-gnu/6.3.0/python --enable-languages=c,c++,fortran --enable-obsolete --enable-secureplt --disable-werror --with-system-zlib --enable-nls --without-included-gettext --enable-checking=release --with-bugurl=https://bugs.gentoo.org/ --with-pkgversion='Gentoo 6.3.0 p1.0' --disable-esp --enable-libstdcxx-time --enable-shared --enable-threads=posix --enable-__cxa_atexit --enable-clocale=gnu --enable-multilib --with-multilib-list=m32,m64 --disable-altivec --disable-fixed-point --enable-targets=all --disable-libgcj --enable-libgomp --disable-libmudflap --disable-libssp --disable-libcilkrts --disable-libmpx --enable-vtable-verify --enable-libvtv --enable-lto --without-isl --enable-libsanitizer --disable-default-pie --disable-default-ssp
Thread model: posix
gcc version 6.3.0 (Gentoo 6.3.0 p1.0) 
configure:3084: $? = 0
configure:3073: gcc -V >&5
gcc: error: unrecognized command line option '-V'
gcc: fatal error: no input files
compilation terminated.
configure:3084: $? = 1
configure:3073: gcc -qversion >&5
gcc: error: unrecognized command line option '-qversion'; did you mean '--version'?
gcc: fatal error: no input files
compilation terminated.
configure:3084: $? = 1
configure:3104: checking whether the C compiler works
configure:3126: gcc    conftest.c  >&5
configure:3130: $? = 0
configure:3178: result: yes
configure:3181: checking for C compiler default output file name
configure:3183: result: a.out
configure:3189: checking for suffix of executables
configure:3196: gcc -o conftest    conftest.c  >&5
configure:3200: $? = 0
configure:3222: result: 
configure:3244: checking whether we are cross compiling
configure:3252: gcc -o conftest    conftest.c  >&5
configure:3256: $? = 0
configure:3263: ./conftest
configure:3267: $? = 0
configure:3282: result: no
configure:3287: checking for suffix of object files
configure:3309: gcc -c   conftest.c >&5
configure:3313: $? = 0
configure:3334: result: o
configure:3338: checking whether we are using the GNU C compiler
configure:3357: gcc -c   conftest.c >&5
configure:3357: $? = 0
configure:3366: result: yes
configure:3375: checking whether gcc accepts -g
configure:3395: gcc -c -g  conftest.c >&5
configure:3395: $? = 0
configure:3436: result: yes
configure:3453: checking for gcc option to accept ISO C89
configure:3516: gcc  -c -g -O2  conftest.c >&5
configure:3516: $? = 0
configure:3529: result: none needed
configure:3554: checking whether gcc understands -c and -o together
configure:3576: gcc -c conftest.c -o conftest2.o
configure:3579: $? = 0
configure:3576: gcc -c conftest.c -o conftest2.o
configure:3579: $? = 0
configure:3591: result: yes
configure:3608: checking for a sed that does not truncate output
configure:3672: result: /bin/sed
configure:3690: checking for grep that handles long lines and -e
configure:3748: result: /bin/grep
configure:3753: checking for egrep
configure:3815: result: /bin/grep -E
configure:3820: checking for fgrep
configure:3882: result: /bin/grep -F
configure:3917: checking for ld used by gcc
configure:3984: result: /usr/x86_64-pc-linux-gnu/bin/ld
configure:3991: checking if the linker (/usr/x86_64-pc-linux-gnu/bin/ld) is GNU ld
configure:4006: result: yes
configure:4018: checking for BSD- or MS-compatible name lister (nm)
configure:4072: result: /usr/bin/nm -B
configure:4202: checking the name lister (/usr/bin/nm -B) interface
configure:4209: gcc -c -g -O2  conftest.c >&5
configure:4212: /usr/bin/nm -B "conftest.o"
configure:4215: output
0000000000000000 B some_variable
configure:4222: result: BSD nm
configure:4225: checking whether ln -s works
configure:4229: result: yes
configure:4237: checking the maximum length of command line arguments
configure:4373: result: 1572864
configure:4421: checking how to convert x86_64-pc-linux-gnu file names to x86_64-pc-linux-gnu format
configure:4461: result: func_convert_file_noop
configure:4468: checking how to convert x86_64-pc-linux-gnu file names to toolchain format
configure:4488: result: func_convert_file_noop
configure:4495: checking for /usr/x86_64-pc-linux-gnu/bin/ld option to reload object files
configure:4502: result: -r
configure:4576: checking for objdump
configure:4592: found /usr/bin/objdump
configure:4603: result: objdump
configure:4635: checking how to recognize dependent libraries
configure:4835: result: pass_all
configure:4920: checking for dlltool
configure:4950: result: no
configure:4980: checking how to associate runtime and link libraries
configure:5007: result: printf %s\n
configure:5068: checking for ar
configure:5084: found /usr/bin/ar
configure:5095: result: ar
configure:5132: checking for archiver @FILE support
configure:5149: gcc -c -g -O2  conftest.c >&5
configure:5149: $? = 0
configure:5152: ar cru libconftest.a @conftest.lst >&5
configure:5155: $? = 0
configure:5160: ar cru libconftest.a @conftest.lst >&5
ar: conftest.o: No such file or directory
configure:5163: $? = 1
configure:5175: result: @
configure:5233: checking for strip
configure:5249: found /usr/bin/strip
configure:5260: result: strip
configure:5332: checking for ranlib
configure:5348: found /usr/bin/ranlib
configure:5359: result: ranlib
configure:5436: checking for gawk
configure:5452: found /usr/bin/gawk
configure:5463: result: gawk
configure:5503: checking command to parse /usr/bin/nm -B output from gcc object
configure:5656: gcc -c -g -O2  conftest.c >&5
configure:5659: $? = 0
configure:5663: /usr/bin/nm -B conftest.o \| sed -n -e 's/^.*[ ]\([ABCDGIRSTW][ABCDGIRSTW]*\)[ ][ ]*\([_A-Za-z][_A-Za-z0-9]*\)$/\1 \2 \2/p' | sed '/ __gnu_lto/d' \> conftest.nm
configure:5666: $? = 0
configure:5732: gcc -o conftest -g -O2   conftest.c conftstm.o >&5
configure:5735: $? = 0
configure:5773: result: ok
configure:5820: checking for sysroot
configure:5850: result: no
configure:5857: checking for a working dd
configure:5895: result: /bin/dd
configure:5899: checking how to truncate binary pipes
configure:5914: result: /bin/dd bs=4096 count=1
configure:6050: gcc -c -g -O2  conftest.c >&5
configure:6053: $? = 0
configure:6243: checking for mt
configure:6273: result: no
configure:6293: checking if : is a manifest tool
configure:6299: : '-?'
configure:6307: result: no
configure:6984: checking how to run the C preprocessor
configure:7015: gcc -E  conftest.c
configure:7015: $? = 0
configure:7029: gcc -E  conftest.c
conftest.c:9:28: fatal error: ac_nonexistent.h: No such file or directory
 #include <ac_nonexistent.h>
                            ^
compilation terminated.
configure:7029: $? = 1
configure: failed program was:
| /* confdefs.h */
| #define PACKAGE_NAME "cumbia-epics"
| #define PACKAGE_TARNAME "cumbia-epics"
| #define PACKAGE_VERSION "0.1.0"
| #define PACKAGE_STRING "cumbia-epics 0.1.0"
| #define PACKAGE_BUGREPORT "giacomo.strangolino@elettra.trieste.it"
| #define PACKAGE_URL ""
| /* end confdefs.h.  */
| #include <ac_nonexistent.h>
configure:7054: result: gcc -E
configure:7074: gcc -E  conftest.c
configure:7074: $? = 0
configure:7088: gcc -E  conftest.c
conftest.c:9:28: fatal error: ac_nonexistent.h: No such file or directory
 #include <ac_nonexistent.h>
                            ^
compilation terminated.
configure:7088: $? = 1
configure: failed program was:
| /* confdefs.h */
| #define PACKAGE_NAME "cumbia-epics"
| #define PACKAGE_TARNAME "cumbia-epics"
| #define PACKAGE_VERSION "0.1.0"
| #define PACKAGE_STRING "cumbia-epics 0.1.0"
| #define PACKAGE_BUGREPORT "giacomo.strangolino@elettra.trieste.it"
| #define PACKAGE_URL ""
| /* end confdefs.h.  */
| #include <ac_nonexistent.h>
configure:7117: checking for ANSI C header files
configure:7137: gcc -c -g -O2  conftest.c >&5
configure:7137: $? = 0
configure:7210: gcc -o conftest -g -O2   conftest.c  >&5
configure:7210: $? = 0
configure:7210: ./conftest
configure:7210: $? = 0
configure:7221: result: yes
configure:7234: checking for sys/types.h
configure:7234: gcc -c -g -O2  conftest.c >&5
configure:7234: $? = 0
configure:7234: result: yes
configure:7234: checking for sys/stat.h
configure:7234: gcc -c -g -O2  conftest.c >&5
configure:7234: $? = 0
configure:7234: result: yes
configure:7234: checking for stdlib.h
configure:7234: gcc -c -g -O2  conftest.c >&5
configure:7234: $? = 0
configure:7234: result: yes
configure:7234: checking for string.h
configure:7234: gcc -c -g -O2  conftest.c >&5
configure:7234: $? = 0
configure:7234: result: yes
configure:7234: checking for memory.h
configure:7234: gcc -c -g -O2  conftest.c >&5
configure:7234: $? = 0
configure:7234: result: yes
configure:7234: checking for strings.h
configure:7234: gcc -c -g -O2  conftest.c >&5
configure:7234: $? = 0
configure:7234: result: yes
configure:7234: checking for inttypes.h
configure:7234: gcc -c -g -O2  conftest.c >&5
configure:7234: $? = 0
configure:7234: result: yes
configure:7234: checking for stdint.h
configure:7234: gcc -c -g -O2  conftest.c >&5
configure:7234: $? = 0
configure:7234: result: yes
configure:7234: checking for unistd.h
configure:7234: gcc -c -g -O2  conftest.c >&5
configure:7234: $? = 0
configure:7234: result: yes
configure:7248: checking for dlfcn.h
configure:7248: gcc -c -g -O2  conftest.c >&5
configure:7248: $? = 0
configure:7248: result: yes
configure:7474: checking for objdir
configure:7489: result: .libs
configure:7753: checking if gcc supports -fno-rtti -fno-exceptions
configure:7771: gcc -c -g -O2  -fno-rtti -fno-exceptions conftest.c >&5
cc1: warning: command line option '-fno-rtti' is valid for C++/ObjC++ but not for C
configure:7775: $? = 0
configure:7788: result: no
configure:8146: checking for gcc option to produce PIC
configure:8153: result: -fPIC -DPIC
configure:8161: checking if gcc PIC flag -fPIC -DPIC works
configure:8179: gcc -c -g -O2  -fPIC -DPIC -DPIC conftest.c >&5
configure:8183: $? = 0
configure:8196: result: yes
configure:8225: checking if gcc static flag -static works
configure:8253: result: yes
configure:8268: checking if gcc supports -c -o file.o
configure:8289: gcc -c -g -O2  -o out/conftest2.o conftest.c >&5
configure:8293: $? = 0
configure:8315: result: yes
configure:8323: checking if gcc supports -c -o file.o
configure:8370: result: yes
configure:8403: checking whether the gcc linker (/usr/x86_64-pc-linux-gnu/bin/ld -m elf_x86_64) supports shared libraries
configure:9662: result: yes
configure:9699: checking whether -lc should be explicitly linked in
configure:9707: gcc -c -g -O2  conftest.c >&5
configure:9710: $? = 0
configure:9725: gcc -shared  -fPIC -DPIC conftest.o  -v -Wl,-soname -Wl,conftest -o conftest 2\>\&1 \| /bin/grep  -lc  \>/dev/null 2\>\&1
configure:9728: $? = 0
configure:9742: result: no
configure:9902: checking dynamic linker characteristics
configure:10496: gcc -o conftest -g -O2   -Wl,-rpath -Wl,/foo conftest.c  >&5
configure:10496: $? = 0
configure:10733: result: GNU/Linux ld.so
configure:10855: checking how to hardcode library paths into programs
configure:10880: result: immediate
configure:11428: checking whether stripping libraries is possible
configure:11433: result: yes
configure:11468: checking if libtool supports shared libraries
configure:11470: result: yes
configure:11473: checking whether to build shared libraries
configure:11498: result: yes
configure:11501: checking whether to build static libraries
configure:11505: result: yes
configure:11559: checking for a BSD-compatible install
configure:11627: result: /usr/bin/install -c
configure:11638: checking whether build environment is sane
configure:11693: result: yes
configure:11841: checking for a thread-safe mkdir -p
configure:11880: result: /bin/mkdir -p
configure:11883: checking whether make sets $(MAKE)
configure:11905: result: yes
configure:11935: checking for style of include used by make
configure:11963: result: GNU
configure:11997: checking whether make supports nested variables
configure:12014: result: yes
configure:12099: checking dependency style of gcc
configure:12210: result: gcc3
configure:12332: checking for g++
configure:12348: found /usr/x86_64-pc-linux-gnu/gcc-bin/6.3.0/g++
configure:12359: result: g++
configure:12386: checking for C++ compiler version
configure:12395: g++ --version >&5
g++ (Gentoo 6.3.0 p1.0) 6.3.0
Copyright (C) 2016 Free Software Foundation, Inc.
This is free software; see the source for copying conditions.  There is NO
warranty; not even for MERCHANTABILITY or FITNESS FOR A PARTICULAR PURPOSE.

configure:12406: $? = 0
configure:12395: g++ -v >&5
Using built-in specs.
COLLECT_GCC=g++
COLLECT_LTO_WRAPPER=/usr/libexec/gcc/x86_64-pc-linux-gnu/6.3.0/lto-wrapper
Target: x86_64-pc-linux-gnu
Configured with: /var/tmp/portage/sys-devel/gcc-6.3.0/work/gcc-6.3.0/configure --host=x86_64-pc-linux-gnu --build=x86_64-pc-linux-gnu --prefix=/usr --bindir=/usr/x86_64-pc-linux-gnu/gcc-bin/6.3.0 --includedir=/usr/lib/gcc/x86_64-pc-linux-gnu/6.3.0/include --datadir=/usr/share/gcc-data/x86_64-pc-linux-gnu/6.3.0 --mandir=/usr/share/gcc-data/x86_64-pc-linux-gnu/6.3.0/man --infodir=/usr/share/gcc-data/x86_64-pc-linux-gnu/6.3.0/info --with-gxx-include-dir=/usr/lib/gcc/x86_64-pc-linux-gnu/6.3.0/include/g++-v6 --with-python-dir=/share/gcc-data/x86_64-pc-linux-gnu/6.3.0/python --enable-languages=c,c++,fortran --enable-obsolete --enable-secureplt --disable-werror --with-system-zlib --enable-nls --without-included-gettext --enable-checking=release --with-bugurl=https://bugs.gentoo.org/ --with-pkgversion='Gentoo 6.3.0 p1.0' --disable-esp --enable-libstdcxx-time --enable-shared --enable-threads=posix --enable-__cxa_atexit --enable-clocale=gnu --enable-multilib --with-multilib-list=m32,m64 --disable-altivec --disable-fixed-point --enable-targets=all --disable-libgcj --enable-libgomp --disable-libmudflap --disable-libssp --disable-libcilkrts --disable-libmpx --enable-vtable-verify --enable-libvtv --enable-lto --without-isl --enable-libsanitizer --disable-default-pie --disable-default-ssp
Thread model: posix
gcc version 6.3.0 (Gentoo 6.3.0 p1.0) 
configure:12406: $? = 0
configure:12395: g++ -V >&5
g++: error: unrecognized command line option '-V'
g++: fatal error: no input files
compilation terminated.
configure:12406: $? = 1
configure:12395: g++ -qversion >&5
g++: error: unrecognized command line option '-qversion'; did you mean '--version'?
g++: fatal error: no input files
compilation terminated.
configure:12406: $? = 1
configure:12410: checking whether we are using the GNU C++ compiler
configure:12429: g++ -c   conftest.cpp >&5
configure:12429: $? = 0
configure:12438: result: yes
configure:12447: checking whether g++ accepts -g
configure:12467: g++ -c -g  conftest.cpp >&5
configure:12467: $? = 0
configure:12508: result: yes
configure:12549: checking how to run the C++ preprocessor
configure:12576: g++ -E  conftest.cpp
configure:12576: $? = 0
configure:12590: g++ -E  conftest.cpp
conftest.cpp:23:28: fatal error: ac_nonexistent.h: No such file or directory
 #include <ac_nonexistent.h>
                            ^
compilation terminated.
configure:12590: $? = 1
configure: failed program was:
| /* confdefs.h */
| #define PACKAGE_NAME "cumbia-epics"
| #define PACKAGE_TARNAME "cumbia-epics"
| #define PACKAGE_VERSION "0.1.0"
| #define PACKAGE_STRING "cumbia-epics 0.1.0"
| #define PACKAGE_BUGREPORT "giacomo.strangolino@elettra.trieste.it"
| #define PACKAGE_URL ""
| #define STDC_HEADERS 1
| #define HAVE_SYS_TYPES_H 1
| #define HAVE_SYS_STAT_H 1
| #define HAVE_STDLIB_H 1
| #define HAVE_STRING_H 1
| #define HAVE_MEMORY_H 1
| #define HAVE_STRINGS_H 1
| #define HAVE_INTTYPES_H 1
| #define HAVE_STDINT_H 1
| #define HAVE_UNISTD_H 1
| #define HAVE_DLFCN_H 1
| #define LT_OBJDIR ".libs/"
| #define PACKAGE "cumbia-epics"
| #define VERSION "0.1.0"
| /* end confdefs.h.  */
| #include <ac_nonexistent.h>
configure:12615: result: g++ -E
configure:12635: g++ -E  conftest.cpp
configure:12635: $? = 0
configure:12649: g++ -E  conftest.cpp
conftest.cpp:23:28: fatal error: ac_nonexistent.h: No such file or directory
 #include <ac_nonexistent.h>
                            ^
compilation terminated.
configure:12649: $? = 1
configure: failed program was:
| /* confdefs.h */
| #define PACKAGE_NAME "cumbia-epics"
| #define PACKAGE_TARNAME "cumbia-epics"
| #define PACKAGE_VERSION "0.1.0"
| #define PACKAGE_STRING "cumbia-epics 0.1.0"
| #define PACKAGE_BUGREPORT "giacomo.strangolino@elettra.trieste.it"
| #define PACKAGE_URL ""
| #define STDC_HEADERS 1
| #define HAVE_SYS_TYPES_H 1
| #define HAVE_SYS_STAT_H 1
| #define HAVE_STDLIB_H 1
| #define HAVE_STRING_H 1
| #define HAVE_MEMORY_H 1
| #define HAVE_STRINGS_H 1
| #define HAVE_INTTYPES_H 1
| #define HAVE_STDINT_H 1
| #define HAVE_UNISTD_H 1
| #define HAVE_DLFCN_H 1
| #define LT_OBJDIR ".libs/"
| #define PACKAGE "cumbia-epics"
| #define VERSION "0.1.0"
| /* end confdefs.h.  */
| #include <ac_nonexistent.h>
configure:12811: checking for ld used by g++
configure:12878: result: /usr/x86_64-pc-linux-gnu/bin/ld -m elf_x86_64
configure:12885: checking if the linker (/usr/x86_64-pc-linux-gnu/bin/ld -m elf_x86_64) is GNU ld
configure:12900: result: yes
configure:12955: checking whether the g++ linker (/usr/x86_64-pc-linux-gnu/bin/ld -m elf_x86_64) supports shared libraries
configure:14028: result: yes
configure:14064: g++ -c -g -O2  conftest.cpp >&5
configure:14067: $? = 0
configure:14548: checking for g++ option to produce PIC
configure:14555: result: -fPIC -DPIC
configure:14563: checking if g++ PIC flag -fPIC -DPIC works
configure:14581: g++ -c -g -O2  -fPIC -DPIC -DPIC conftest.cpp >&5
configure:14585: $? = 0
configure:14598: result: yes
configure:14621: checking if g++ static flag -static works
configure:14649: result: yes
configure:14661: checking if g++ supports -c -o file.o
configure:14682: g++ -c -g -O2  -o out/conftest2.o conftest.cpp >&5
configure:14686: $? = 0
configure:14708: result: yes
configure:14713: checking if g++ supports -c -o file.o
configure:14760: result: yes
configure:14790: checking whether the g++ linker (/usr/x86_64-pc-linux-gnu/bin/ld -m elf_x86_64) supports shared libraries
configure:14830: result: yes
configure:14971: checking dynamic linker characteristics
configure:15729: result: GNU/Linux ld.so
configure:15794: checking how to hardcode library paths into programs
configure:15819: result: immediate
configure:15861: checking dependency style of g++
configure:15972: result: gcc3
configure:16035: checking for gcc
configure:16062: result: gcc
configure:16291: checking for C compiler version
configure:16300: gcc --version >&5
gcc (Gentoo 6.3.0 p1.0) 6.3.0
Copyright (C) 2016 Free Software Foundation, Inc.
This is free software; see the source for copying conditions.  There is NO
warranty; not even for MERCHANTABILITY or FITNESS FOR A PARTICULAR PURPOSE.

configure:16311: $? = 0
configure:16300: gcc -v >&5
Using built-in specs.
COLLECT_GCC=gcc
COLLECT_LTO_WRAPPER=/usr/libexec/gcc/x86_64-pc-linux-gnu/6.3.0/lto-wrapper
Target: x86_64-pc-linux-gnu
Configured with: /var/tmp/portage/sys-devel/gcc-6.3.0/work/gcc-6.3.0/configure --host=x86_64-pc-linux-gnu --build=x86_64-pc-linux-gnu --prefix=/usr --bindir=/usr/x86_64-pc-linux-gnu/gcc-bin/6.3.0 --includedir=/usr/lib/gcc/x86_64-pc-linux-gnu/6.3.0/include --datadir=/usr/share/gcc-data/x86_64-pc-linux-gnu/6.3.0 --mandir=/usr/share/gcc-data/x86_64-pc-linux-gnu/6.3.0/man --infodir=/usr/share/gcc-data/x86_64-pc-linux-gnu/6.3.0/info --with-gxx-include-dir=/usr/lib/gcc/x86_64-pc-linux-gnu/6.3.0/include/g++-v6 --with-python-dir=/share/gcc-data/x86_64-pc-linux-gnu/6.3.0/python --enable-languages=c,c++,fortran --enable-obsolete --enable-secureplt --disable-werror --with-system-zlib --enable-nls --without-included-gettext --enable-checking=release --with-bugurl=https://bugs.gentoo.org/ --with-pkgversion='Gentoo 6.3.0 p1.0' --disable-esp --enable-libstdcxx-time --enable-shared --enable-threads=posix --enable-__cxa_atexit --enable-clocale=gnu --enable-multilib --with-multilib-list=m32,m64 --disable-altivec --disable-fixed-point --enable-targets=all --disable-libgcj --enable-libgomp --disable-libmudflap --disable-libssp --disable-libcilkrts --disable-libmpx --enable-vtable-verify --enable-libvtv --enable-lto --without-isl --enable-libsanitizer --disable-default-pie --disable-default-ssp
Thread model: posix
gcc version 6.3.0 (Gentoo 6.3.0 p1.0) 
configure:16311: $? = 0
configure:16300: gcc -V >&5
gcc: error: unrecognized command line option '-V'
gcc: fatal error: no input files
compilation terminated.
configure:16311: $? = 1
configure:16300: gcc -qversion >&5
gcc: error: unrecognized command line option '-qversion'; did you mean '--version'?
gcc: fatal error: no input files
compilation terminated.
configure:16311: $? = 1
configure:16315: checking whether we are using the GNU C compiler
configure:16343: result: yes
configure:16352: checking whether gcc accepts -g
configure:16413: result: yes
configure:16430: checking for gcc option to accept ISO C89
configure:16506: result: none needed
configure:16531: checking whether gcc understands -c and -o together
configure:16568: result: yes
configure:16590: checking how to run the C preprocessor
configure:16660: result: gcc -E
configure:16680: gcc -E  conftest.c
configure:16680: $? = 0
configure:16694: gcc -E  conftest.c
conftest.c:23:28: fatal error: ac_nonexistent.h: No such file or directory
 #include <ac_nonexistent.h>
                            ^
compilation terminated.
configure:16694: $? = 1
configure: failed program was:
| /* confdefs.h */
| #define PACKAGE_NAME "cumbia-epics"
| #define PACKAGE_TARNAME "cumbia-epics"
| #define PACKAGE_VERSION "0.1.0"
| #define PACKAGE_STRING "cumbia-epics 0.1.0"
| #define PACKAGE_BUGREPORT "giacomo.strangolino@elettra.trieste.it"
| #define PACKAGE_URL ""
| #define STDC_HEADERS 1
| #define HAVE_SYS_TYPES_H 1
| #define HAVE_SYS_STAT_H 1
| #define HAVE_STDLIB_H 1
| #define HAVE_STRING_H 1
| #define HAVE_MEMORY_H 1
| #define HAVE_STRINGS_H 1
| #define HAVE_INTTYPES_H 1
| #define HAVE_STDINT_H 1
| #define HAVE_UNISTD_H 1
| #define HAVE_DLFCN_H 1
| #define LT_OBJDIR ".libs/"
| #define PACKAGE "cumbia-epics"
| #define VERSION "0.1.0"
| /* end confdefs.h.  */
| #include <ac_nonexistent.h>
configure:16723: checking whether ln -s works
configure:16727: result: yes
configure:16734: checking whether make sets $(MAKE)
configure:16756: result: yes
configure:16770: checking for main in -lGL
configure:16789: gcc -o conftest -g -O2   conftest.c -lGL   >&5
configure:16789: $? = 0
configure:16798: result: yes
configure:16810: checking for pthread_create in -lpthread
configure:16835: gcc -o conftest -g -O2   conftest.c -lpthread  -lGL  >&5
configure:16835: $? = 0
configure:16844: result: yes
configure:16860: checking float.h usability
configure:16860: gcc -c -g -O2  conftest.c >&5
configure:16860: $? = 0
configure:16860: result: yes
configure:16860: checking float.h presence
configure:16860: gcc -E  conftest.c
configure:16860: $? = 0
configure:16860: result: yes
configure:16860: checking for float.h
configure:16860: result: yes
configure:16860: checking limits.h usability
configure:16860: gcc -c -g -O2  conftest.c >&5
configure:16860: $? = 0
configure:16860: result: yes
configure:16860: checking limits.h presence
configure:16860: gcc -E  conftest.c
configure:16860: $? = 0
configure:16860: result: yes
configure:16860: checking for limits.h
configure:16860: result: yes
configure:16860: checking for stdlib.h
configure:16860: result: yes
configure:16860: checking for string.h
configure:16860: result: yes
configure:16860: checking for strings.h
configure:16860: result: yes
configure:16860: checking sys/time.h usability
configure:16860: gcc -c -g -O2  conftest.c >&5
configure:16860: $? = 0
configure:16860: result: yes
configure:16860: checking sys/time.h presence
configure:16860: gcc -E  conftest.c
configure:16860: $? = 0
configure:16860: result: yes
configure:16860: checking for sys/time.h
configure:16860: result: yes
configure:16860: checking for unistd.h
configure:16860: result: yes
configure:16860: checking math.h usability
configure:16860: gcc -c -g -O2  conftest.c >&5
configure:16860: $? = 0
configure:16860: result: yes
configure:16860: checking math.h presence
configure:16860: gcc -E  conftest.c
configure:16860: $? = 0
configure:16860: result: yes
configure:16860: checking for math.h
configure:16860: result: yes
configure:16876: checking for size_t
configure:16876: gcc -c -g -O2  conftest.c >&5
configure:16876: $? = 0
configure:16876: gcc -c -g -O2  conftest.c >&5
conftest.c: In function 'main':
conftest.c:69:21: error: expected expression before ')' token
 if (sizeof ((size_t)))
                     ^
configure:16876: $? = 1
configure: failed program was:
| /* confdefs.h */
| #define PACKAGE_NAME "cumbia-epics"
| #define PACKAGE_TARNAME "cumbia-epics"
| #define PACKAGE_VERSION "0.1.0"
| #define PACKAGE_STRING "cumbia-epics 0.1.0"
| #define PACKAGE_BUGREPORT "giacomo.strangolino@elettra.trieste.it"
| #define PACKAGE_URL ""
| #define STDC_HEADERS 1
| #define HAVE_SYS_TYPES_H 1
| #define HAVE_SYS_STAT_H 1
| #define HAVE_STDLIB_H 1
| #define HAVE_STRING_H 1
| #define HAVE_MEMORY_H 1
| #define HAVE_STRINGS_H 1
| #define HAVE_INTTYPES_H 1
| #define HAVE_STDINT_H 1
| #define HAVE_UNISTD_H 1
| #define HAVE_DLFCN_H 1
| #define LT_OBJDIR ".libs/"
| #define PACKAGE "cumbia-epics"
| #define VERSION "0.1.0"
| #define HAVE_LIBGL 1
| #define HAVE_LIBPTHREAD 1
| #define HAVE_FLOAT_H 1
| #define HAVE_LIMITS_H 1
| #define HAVE_STDLIB_H 1
| #define HAVE_STRING_H 1
| #define HAVE_STRINGS_H 1
| #define HAVE_SYS_TIME_H 1
| #define HAVE_UNISTD_H 1
| #define HAVE_MATH_H 1
| /* end confdefs.h.  */
| #include <stdio.h>
| #ifdef HAVE_SYS_TYPES_H
| # include <sys/types.h>
| #endif
| #ifdef HAVE_SYS_STAT_H
| # include <sys/stat.h>
| #endif
| #ifdef STDC_HEADERS
| # include <stdlib.h>
| # include <stddef.h>
| #else
| # ifdef HAVE_STDLIB_H
| #  include <stdlib.h>
| # endif
| #endif
| #ifdef HAVE_STRING_H
| # if !defined STDC_HEADERS && defined HAVE_MEMORY_H
| #  include <memory.h>
| # endif
| # include <string.h>
| #endif
| #ifdef HAVE_STRINGS_H
| # include <strings.h>
| #endif
| #ifdef HAVE_INTTYPES_H
| # include <inttypes.h>
| #endif
| #ifdef HAVE_STDINT_H
| # include <stdint.h>
| #endif
| #ifdef HAVE_UNISTD_H
| # include <unistd.h>
| #endif
| int
| main ()
| {
| if (sizeof ((size_t)))
| 	    return 0;
|   ;
|   return 0;
| }
configure:16876: result: yes
configure:16887: checking for ssize_t
configure:16887: gcc -c -g -O2  conftest.c >&5
configure:16887: $? = 0
configure:16887: gcc -c -g -O2  conftest.c >&5
conftest.c: In function 'main':
conftest.c:69:22: error: expected expression before ')' token
 if (sizeof ((ssize_t)))
                      ^
configure:16887: $? = 1
configure: failed program was:
| /* confdefs.h */
| #define PACKAGE_NAME "cumbia-epics"
| #define PACKAGE_TARNAME "cumbia-epics"
| #define PACKAGE_VERSION "0.1.0"
| #define PACKAGE_STRING "cumbia-epics 0.1.0"
| #define PACKAGE_BUGREPORT "giacomo.strangolino@elettra.trieste.it"
| #define PACKAGE_URL ""
| #define STDC_HEADERS 1
| #define HAVE_SYS_TYPES_H 1
| #define HAVE_SYS_STAT_H 1
| #define HAVE_STDLIB_H 1
| #define HAVE_STRING_H 1
| #define HAVE_MEMORY_H 1
| #define HAVE_STRINGS_H 1
| #define HAVE_INTTYPES_H 1
| #define HAVE_STDINT_H 1
| #define HAVE_UNISTD_H 1
| #define HAVE_DLFCN_H 1
| #define LT_OBJDIR ".libs/"
| #define PACKAGE "cumbia-epics"
| #define VERSION "0.1.0"
| #define HAVE_LIBGL 1
| #define HAVE_LIBPTHREAD 1
| #define HAVE_FLOAT_H 1
| #define HAVE_LIMITS_H 1
| #define HAVE_STDLIB_H 1
| #define HAVE_STRING_H 1
| #define HAVE_STRINGS_H 1
| #define HAVE_SYS_TIME_H 1
| #define HAVE_UNISTD_H 1
| #define HAVE_MATH_H 1
| /* end confdefs.h.  */
| #include <stdio.h>
| #ifdef HAVE_SYS_TYPES_H
| # include <sys/types.h>
| #endif
| #ifdef HAVE_SYS_STAT_H
| # include <sys/stat.h>
| #endif
| #ifdef STDC_HEADERS
| # include <stdlib.h>
| # include <stddef.h>
| #else
| # ifdef HAVE_STDLIB_H
| #  include <stdlib.h>
| # endif
| #endif
| #ifdef HAVE_STRING_H
| # if !defined STDC_HEADERS && defined HAVE_MEMORY_H
| #  include <memory.h>
| # endif
| # include <string.h>
| #endif
| #ifdef HAVE_STRINGS_H
| # include <strings.h>
| #endif
| #ifdef HAVE_INTTYPES_H
| # include <inttypes.h>
| #endif
| #ifdef HAVE_STDINT_H
| # include <stdint.h>
| #endif
| #ifdef HAVE_UNISTD_H
| # include <unistd.h>
| #endif
| int
| main ()
| {
| if (sizeof ((ssize_t)))
| 	    return 0;
|   ;
|   return 0;
| }
configure:16887: result: yes
configure:16900: checking whether time.h and sys/time.h may both be included
configure:16920: gcc -c -g -O2  conftest.c >&5
configure:16920: $? = 0
configure:16927: result: yes
configure:16941: checking for sys/time.h
configure:16941: result: yes
configure:16941: checking for unistd.h
configure:16941: result: yes
configure:16962: checking for alarm
configure:16962: gcc -o conftest -g -O2   conftest.c -lpthread -lGL  >&5
configure:16962: $? = 0
configure:16962: result: yes
configure:16975: checking for working mktime
configure:17177: gcc -o conftest -g -O2   conftest.c -lpthread -lGL  >&5
configure:17177: $? = 0
configure:17177: ./conftest
configure:17177: $? = 0
configure:17187: result: yes
configure:17200: checking for stdlib.h
configure:17200: result: yes
configure:17210: checking for GNU libc compatible realloc
configure:17234: gcc -o conftest -g -O2   conftest.c -lpthread -lGL  >&5
configure:17234: $? = 0
configure:17234: ./conftest
configure:17234: $? = 0
configure:17244: result: yes
configure:17265: checking for working strtod
configure:17306: gcc -o conftest -g -O2   conftest.c -lpthread -lGL  >&5
configure:17306: $? = 0
configure:17306: ./conftest
configure:17306: $? = 0
configure:17316: result: yes
configure:17381: checking for gettimeofday
configure:17381: gcc -o conftest -g -O2   conftest.c -lpthread -lGL  >&5
configure:17381: $? = 0
configure:17381: result: yes
configure:17381: checking for localtime_r
configure:17381: gcc -o conftest -g -O2   conftest.c -lpthread -lGL  >&5
configure:17381: $? = 0
configure:17381: result: yes
configure:17381: checking for memset
configure:17381: gcc -o conftest -g -O2   conftest.c -lpthread -lGL  >&5
conftest.c:64:6: warning: conflicting types for built-in function 'memset'
 char memset ();
      ^~~~~~
configure:17381: $? = 0
configure:17381: result: yes
configure:17381: checking for select
configure:17381: gcc -o conftest -g -O2   conftest.c -lpthread -lGL  >&5
configure:17381: $? = 0
configure:17381: result: yes
configure:17381: checking for strcasecmp
configure:17381: gcc -o conftest -g -O2   conftest.c -lpthread -lGL  >&5
conftest.c:66:6: warning: conflicting types for built-in function 'strcasecmp'
 char strcasecmp ();
      ^~~~~~~~~~
configure:17381: $? = 0
configure:17381: result: yes
configure:17381: checking for strchr
configure:17381: gcc -o conftest -g -O2   conftest.c -lpthread -lGL  >&5
conftest.c:67:6: warning: conflicting types for built-in function 'strchr'
 char strchr ();
      ^~~~~~
configure:17381: $? = 0
configure:17381: result: yes
configure:17381: checking for strerror
configure:17381: gcc -o conftest -g -O2   conftest.c -lpthread -lGL  >&5
configure:17381: $? = 0
configure:17381: result: yes
configure:17381: checking for strstr
configure:17381: gcc -o conftest -g -O2   conftest.c -lpthread -lGL  >&5
conftest.c:69:6: warning: conflicting types for built-in function 'strstr'
 char strstr ();
      ^~~~~~
configure:17381: $? = 0
configure:17381: result: yes
configure:17381: checking for strtol
configure:17381: gcc -o conftest -g -O2   conftest.c -lpthread -lGL  >&5
configure:17381: $? = 0
configure:17381: result: yes
configure:17381: checking for strtoul
configure:17381: gcc -o conftest -g -O2   conftest.c -lpthread -lGL  >&5
configure:17381: $? = 0
configure:17381: result: yes
configure:17503: checking for doxygen
configure:17521: found /usr/bin/doxygen
configure:17533: result: /usr/bin/doxygen
configure:17609: checking for perl
configure:17627: found /usr/bin/perl
configure:17639: result: /usr/bin/perl
configure:19289: checking for pkg-config
configure:19307: found /usr/bin/pkg-config
configure:19319: result: /usr/bin/pkg-config
configure:19344: checking pkg-config is at least version 0.9.0
configure:19347: result: yes
configure:19357: checking for epics-base >= 3.16.1
configure:19364: $PKG_CONFIG --exists --print-errors "epics-base >= 3.16.1"
configure:19367: $? = 0
configure:19381: $PKG_CONFIG --exists --print-errors "epics-base >= 3.16.1"
configure:19384: $? = 0
configure:19442: result: yes
configure:19448: checking for cumbia >= 0.1.0
configure:19455: $PKG_CONFIG --exists --print-errors "cumbia >= 0.1.0"
configure:19458: $? = 0
configure:19472: $PKG_CONFIG --exists --print-errors "cumbia >= 0.1.0"
configure:19475: $? = 0
configure:19533: result: yes
configure:19581: checking whether g++ supports C++11 features by default
configure:19875: g++ -c -g -O2  conftest.cpp >&5
configure:19875: $? = 0
configure:19882: result: yes
configure:20384: checking that generated files are newer than configure
configure:20390: result: done
configure:20461: creating ./config.status

## ---------------------- ##
## Running config.status. ##
## ---------------------- ##

This file was extended by cumbia-epics config.status 0.1.0, which was
generated by GNU Autoconf 2.69.  Invocation command line was

  CONFIG_FILES    = 
  CONFIG_HEADERS  = 
  CONFIG_LINKS    = 
  CONFIG_COMMANDS = 
  $ ./config.status 

on woody

config.status:1132: creating Makefile
config.status:1132: creating lib/cumbia-epics.pc
config.status:1304: executing libtool commands
config.status:1304: executing depfiles commands

## ---------------- ##
## Cache variables. ##
## ---------------- ##

ac_cv_build=x86_64-pc-linux-gnu
ac_cv_c_compiler_gnu=yes
ac_cv_cxx_compiler_gnu=yes
ac_cv_env_CCC_set=
ac_cv_env_CCC_value=
ac_cv_env_CC_set=
ac_cv_env_CC_value=
ac_cv_env_CFLAGS_set=
ac_cv_env_CFLAGS_value=
ac_cv_env_CPPFLAGS_set=
ac_cv_env_CPPFLAGS_value=
ac_cv_env_CPP_set=
ac_cv_env_CPP_value=
ac_cv_env_CXXCPP_set=
ac_cv_env_CXXCPP_value=
ac_cv_env_CXXFLAGS_set=
ac_cv_env_CXXFLAGS_value=
ac_cv_env_CXX_set=
ac_cv_env_CXX_value=
ac_cv_env_DOXYGEN_PAPER_SIZE_set=
ac_cv_env_DOXYGEN_PAPER_SIZE_value=
ac_cv_env_LDFLAGS_set=
ac_cv_env_LDFLAGS_value=
ac_cv_env_LIBS_set=
ac_cv_env_LIBS_value=
ac_cv_env_LT_SYS_LIBRARY_PATH_set=
ac_cv_env_LT_SYS_LIBRARY_PATH_value=
ac_cv_env_PKG_CONFIG_LIBDIR_set=
ac_cv_env_PKG_CONFIG_LIBDIR_value=
ac_cv_env_PKG_CONFIG_PATH_set=set
ac_cv_env_PKG_CONFIG_PATH_value=/usr/local/lib/pkgconfig:/usr/local/tango-9.2.5a/lib/pkgconfig:/usr/local/omniorb-4.2.1/lib/pkgconfig:/usr/local/zeromq-4.0.7/lib/pkgconfig:/home/giacomo/devel/epics/base-3.16.1/lib/pkgconfig:/usr/local/qwt-6.1.3/lib/pkgconfig
ac_cv_env_PKG_CONFIG_set=
ac_cv_env_PKG_CONFIG_value=
ac_cv_env_build_alias_set=
ac_cv_env_build_alias_value=
ac_cv_env_cumbia_CFLAGS_set=
ac_cv_env_cumbia_CFLAGS_value=
ac_cv_env_cumbia_LIBS_set=
ac_cv_env_cumbia_LIBS_value=
ac_cv_env_epics_base_CFLAGS_set=
ac_cv_env_epics_base_CFLAGS_value=
ac_cv_env_epics_base_LIBS_set=
ac_cv_env_epics_base_LIBS_value=
ac_cv_env_host_alias_set=
ac_cv_env_host_alias_value=
ac_cv_env_target_alias_set=
ac_cv_env_target_alias_value=
ac_cv_func_alarm=yes
ac_cv_func_gettimeofday=yes
ac_cv_func_localtime_r=yes
ac_cv_func_memset=yes
ac_cv_func_realloc_0_nonnull=yes
ac_cv_func_select=yes
ac_cv_func_strcasecmp=yes
ac_cv_func_strchr=yes
ac_cv_func_strerror=yes
ac_cv_func_strstr=yes
ac_cv_func_strtod=yes
ac_cv_func_strtol=yes
ac_cv_func_strtoul=yes
ac_cv_func_working_mktime=yes
ac_cv_header_dlfcn_h=yes
ac_cv_header_float_h=yes
ac_cv_header_inttypes_h=yes
ac_cv_header_limits_h=yes
ac_cv_header_math_h=yes
ac_cv_header_memory_h=yes
ac_cv_header_stdc=yes
ac_cv_header_stdint_h=yes
ac_cv_header_stdlib_h=yes
ac_cv_header_string_h=yes
ac_cv_header_strings_h=yes
ac_cv_header_sys_stat_h=yes
ac_cv_header_sys_time_h=yes
ac_cv_header_sys_types_h=yes
ac_cv_header_time=yes
ac_cv_header_unistd_h=yes
ac_cv_host=x86_64-pc-linux-gnu
ac_cv_lib_GL_main=yes
ac_cv_lib_pthread_pthread_create=yes
ac_cv_objext=o
ac_cv_path_EGREP='/bin/grep -E'
ac_cv_path_FGREP='/bin/grep -F'
ac_cv_path_GREP=/bin/grep
ac_cv_path_SED=/bin/sed
ac_cv_path_ac_pt_DX_DOXYGEN=/usr/bin/doxygen
ac_cv_path_ac_pt_DX_PERL=/usr/bin/perl
ac_cv_path_ac_pt_PKG_CONFIG=/usr/bin/pkg-config
ac_cv_path_install='/usr/bin/install -c'
ac_cv_path_lt_DD=/bin/dd
ac_cv_path_mkdir=/bin/mkdir
ac_cv_prog_AWK=gawk
ac_cv_prog_CPP='gcc -E'
ac_cv_prog_CXXCPP='g++ -E'
ac_cv_prog_ac_ct_AR=ar
ac_cv_prog_ac_ct_CC=gcc
ac_cv_prog_ac_ct_CXX=g++
ac_cv_prog_ac_ct_OBJDUMP=objdump
ac_cv_prog_ac_ct_RANLIB=ranlib
ac_cv_prog_ac_ct_STRIP=strip
ac_cv_prog_cc_c89=
ac_cv_prog_cc_g=yes
ac_cv_prog_cxx_g=yes
ac_cv_prog_make_make_set=yes
ac_cv_type_size_t=yes
ac_cv_type_ssize_t=yes
am_cv_CC_dependencies_compiler_type=gcc3
am_cv_CXX_dependencies_compiler_type=gcc3
am_cv_make_support_nested_variables=yes
am_cv_prog_cc_c_o=yes
ax_cv_cxx_compile_cxx11=yes
lt_cv_ar_at_file=@
lt_cv_archive_cmds_need_lc=no
lt_cv_deplibs_check_method=pass_all
lt_cv_file_magic_cmd='$MAGIC_CMD'
lt_cv_file_magic_test_file=
lt_cv_ld_reload_flag=-r
lt_cv_nm_interface='BSD nm'
lt_cv_objdir=.libs
lt_cv_path_LD=/usr/x86_64-pc-linux-gnu/bin/ld
lt_cv_path_LDCXX='/usr/x86_64-pc-linux-gnu/bin/ld -m elf_x86_64'
lt_cv_path_NM='/usr/bin/nm -B'
lt_cv_path_mainfest_tool=no
lt_cv_prog_compiler_c_o=yes
lt_cv_prog_compiler_c_o_CXX=yes
lt_cv_prog_compiler_pic='-fPIC -DPIC'
lt_cv_prog_compiler_pic_CXX='-fPIC -DPIC'
lt_cv_prog_compiler_pic_works=yes
lt_cv_prog_compiler_pic_works_CXX=yes
lt_cv_prog_compiler_rtti_exceptions=no
lt_cv_prog_compiler_static_works=yes
lt_cv_prog_compiler_static_works_CXX=yes
lt_cv_prog_gnu_ld=yes
lt_cv_prog_gnu_ldcxx=yes
lt_cv_sharedlib_from_linklib_cmd='printf %s\n'
lt_cv_shlibpath_overrides_runpath=yes
lt_cv_sys_global_symbol_pipe='sed -n -e '\''s/^.*[	 ]\([ABCDGIRSTW][ABCDGIRSTW]*\)[	 ][	 ]*\([_A-Za-z][_A-Za-z0-9]*\)$/\1 \2 \2/p'\'' | sed '\''/ __gnu_lto/d'\'''
lt_cv_sys_global_symbol_to_c_name_address='sed -n -e '\''s/^: \(.*\) .*$/  {"\1", (void *) 0},/p'\'' -e '\''s/^[ABCDGIRSTW][ABCDGIRSTW]* .* \(.*\)$/  {"\1", (void *) \&\1},/p'\'''
lt_cv_sys_global_symbol_to_c_name_address_lib_prefix='sed -n -e '\''s/^: \(.*\) .*$/  {"\1", (void *) 0},/p'\'' -e '\''s/^[ABCDGIRSTW][ABCDGIRSTW]* .* \(lib.*\)$/  {"\1", (void *) \&\1},/p'\'' -e '\''s/^[ABCDGIRSTW][ABCDGIRSTW]* .* \(.*\)$/  {"lib\1", (void *) \&\1},/p'\'''
lt_cv_sys_global_symbol_to_cdecl='sed -n -e '\''s/^T .* \(.*\)$/extern int \1();/p'\'' -e '\''s/^[ABCDGIRSTW][ABCDGIRSTW]* .* \(.*\)$/extern char \1;/p'\'''
lt_cv_sys_global_symbol_to_import=
lt_cv_sys_max_cmd_len=1572864
lt_cv_to_host_file_cmd=func_convert_file_noop
lt_cv_to_tool_file_cmd=func_convert_file_noop
lt_cv_truncate_bin='/bin/dd bs=4096 count=1'
pkg_cv_cumbia_CFLAGS=-I/usr/local/include/cumbia
pkg_cv_cumbia_LIBS='-L/usr/local/lib -lcumbia'
pkg_cv_epics_base_CFLAGS='-D_GNU_SOURCE -D_DEFAULT_SOURCE -DUSE_TYPED_RSET -D_X86_64_ -DUNIX -Dlinux -mtune=generic -m64 -I/archivi/devel/epics/base-3.16.1/include -I/archivi/devel/epics/base-3.16.1/include/os/Linux -I/archivi/devel/epics/base-3.16.1/include/compiler/gcc'
pkg_cv_epics_base_LIBS='-L/archivi/devel/epics/base-3.16.1/lib/linux-x86_64 -rdynamic -m64'

## ----------------- ##
## Output variables. ##
## ----------------- ##

ACLOCAL='${SHELL} /home/giacomo/devel/utils/git/cppqtclients/cumbia-epics/missing aclocal-1.15'
AMDEPBACKSLASH='\'
AMDEP_FALSE='#'
AMDEP_TRUE=''
AMTAR='$${TAR-tar}'
AM_BACKSLASH='\'
AM_DEFAULT_V='$(AM_DEFAULT_VERBOSITY)'
AM_DEFAULT_VERBOSITY='1'
AM_V='$(V)'
AR='ar'
AUTOCONF='${SHELL} /home/giacomo/devel/utils/git/cppqtclients/cumbia-epics/missing autoconf'
AUTOHEADER='${SHELL} /home/giacomo/devel/utils/git/cppqtclients/cumbia-epics/missing autoheader'
AUTOMAKE='${SHELL} /home/giacomo/devel/utils/git/cppqtclients/cumbia-epics/missing automake-1.15'
AWK='gawk'
CC='gcc'
CCDEPMODE='depmode=gcc3'
CFLAGS='-g -O2'
CPP='gcc -E'
CPPFLAGS=''
CUMBIA_EPICS_VERSION='0.1.0'
CXX='g++'
CXXCPP='g++ -E'
CXXDEPMODE='depmode=gcc3'
CXXFLAGS='-g -O2'
CYGPATH_W='echo'
DEFS='-DPACKAGE_NAME=\"cumbia-epics\" -DPACKAGE_TARNAME=\"cumbia-epics\" -DPACKAGE_VERSION=\"0.1.0\" -DPACKAGE_STRING=\"cumbia-epics\ 0.1.0\" -DPACKAGE_BUGREPORT=\"giacomo.strangolino@elettra.trieste.it\" -DPACKAGE_URL=\"\" -DSTDC_HEADERS=1 -DHAVE_SYS_TYPES_H=1 -DHAVE_SYS_STAT_H=1 -DHAVE_STDLIB_H=1 -DHAVE_STRING_H=1 -DHAVE_MEMORY_H=1 -DHAVE_STRINGS_H=1 -DHAVE_INTTYPES_H=1 -DHAVE_STDINT_H=1 -DHAVE_UNISTD_H=1 -DHAVE_DLFCN_H=1 -DLT_OBJDIR=\".libs/\" -DPACKAGE=\"cumbia-epics\" -DVERSION=\"0.1.0\" -DHAVE_LIBGL=1 -DHAVE_LIBPTHREAD=1 -DHAVE_FLOAT_H=1 -DHAVE_LIMITS_H=1 -DHAVE_STDLIB_H=1 -DHAVE_STRING_H=1 -DHAVE_STRINGS_H=1 -DHAVE_SYS_TIME_H=1 -DHAVE_UNISTD_H=1 -DHAVE_MATH_H=1 -DTIME_WITH_SYS_TIME=1 -DHAVE_SYS_TIME_H=1 -DHAVE_UNISTD_H=1 -DHAVE_ALARM=1 -DHAVE_STDLIB_H=1 -DHAVE_REALLOC=1 -DHAVE_GETTIMEOFDAY=1 -DHAVE_LOCALTIME_R=1 -DHAVE_MEMSET=1 -DHAVE_SELECT=1 -DHAVE_STRCASECMP=1 -DHAVE_STRCHR=1 -DHAVE_STRERROR=1 -DHAVE_STRSTR=1 -DHAVE_STRTOL=1 -DHAVE_STRTOUL=1 -DHAVE_CXX11=1 -DCUMBIA_PRINTINFO=1'
DEPDIR='.deps'
DLLTOOL='false'
DOXYGEN_PAPER_SIZE=''
DSYMUTIL=''
DUMPBIN=''
DX_COND_chi_FALSE=''
DX_COND_chi_TRUE='#'
DX_COND_chm_FALSE=''
DX_COND_chm_TRUE='#'
DX_COND_doc_FALSE='#'
DX_COND_doc_TRUE=''
DX_COND_dot_FALSE=''
DX_COND_dot_TRUE='#'
DX_COND_html_FALSE='#'
DX_COND_html_TRUE=''
DX_COND_latex_FALSE=''
DX_COND_latex_TRUE='#'
DX_COND_man_FALSE=''
DX_COND_man_TRUE='#'
DX_COND_pdf_FALSE=''
DX_COND_pdf_TRUE='#'
DX_COND_ps_FALSE=''
DX_COND_ps_TRUE='#'
DX_COND_rtf_FALSE=''
DX_COND_rtf_TRUE='#'
DX_COND_xml_FALSE=''
DX_COND_xml_TRUE='#'
DX_CONFIG='Doxyfile.in'
DX_DOCDIR='doc'
DX_DOT=''
DX_DOXYGEN='/usr/bin/doxygen'
DX_DVIPS=''
DX_EGREP=''
DX_ENV=' SRCDIR='\''.'\'' PROJECT='\''cumbia-epics'\'' DOCDIR='\''doc'\'' VERSION='\''0.1.0'\'' PERL_PATH='\''/usr/bin/perl'\'' HAVE_DOT='\''NO'\'' GENERATE_MAN='\''NO'\'' GENERATE_RTF='\''NO'\'' GENERATE_XML='\''NO'\'' GENERATE_HTMLHELP='\''NO'\'' GENERATE_CHI='\''NO'\'' GENERATE_HTML='\''YES'\'' GENERATE_LATEX='\''NO'\'''
DX_FLAG_chi='0'
DX_FLAG_chm='0'
DX_FLAG_doc='1'
DX_FLAG_dot='0'
DX_FLAG_html='1'
DX_FLAG_man='0'
DX_FLAG_pdf='0'
DX_FLAG_ps='0'
DX_FLAG_rtf='0'
DX_FLAG_xml='0'
DX_HHC=''
DX_LATEX=''
DX_MAKEINDEX=''
DX_PDFLATEX=''
DX_PERL='/usr/bin/perl'
DX_PROJECT='cumbia-epics'
ECHO_C=''
ECHO_N='-n'
ECHO_T=''
EGREP='/bin/grep -E'
EXEEXT=''
FGREP='/bin/grep -F'
GREP='/bin/grep'
HAVE_CXX11='1'
INSTALL_DATA='${INSTALL} -m 644'
INSTALL_PROGRAM='${INSTALL}'
INSTALL_SCRIPT='${INSTALL}'
INSTALL_STRIP_PROGRAM='$(install_sh) -c -s'
LD='/usr/x86_64-pc-linux-gnu/bin/ld -m elf_x86_64'
LDFLAGS=''
LIBOBJS=''
LIBS='-lpthread -lGL '
LIBTOOL='$(SHELL) $(top_builddir)/libtool'
LIPO=''
LN_S='ln -s'
LTLIBOBJS=''
LT_SYS_LIBRARY_PATH=''
MAKEINFO='${SHELL} /home/giacomo/devel/utils/git/cppqtclients/cumbia-epics/missing makeinfo'
MANIFEST_TOOL=':'
MKDIR_P='/bin/mkdir -p'
NM='/usr/bin/nm -B'
NMEDIT=''
OBJDUMP='objdump'
OBJEXT='o'
OTOOL64=''
OTOOL=''
PACKAGE='cumbia-epics'
PACKAGE_BUGREPORT='giacomo.strangolino@elettra.trieste.it'
PACKAGE_NAME='cumbia-epics'
PACKAGE_STRING='cumbia-epics 0.1.0'
PACKAGE_TARNAME='cumbia-epics'
PACKAGE_URL=''
PACKAGE_VERSION='0.1.0'
PATH_SEPARATOR=':'
PKG_CONFIG='/usr/bin/pkg-config'
PKG_CONFIG_LIBDIR=''
PKG_CONFIG_PATH='/usr/local/lib/pkgconfig:/usr/local/tango-9.2.5a/lib/pkgconfig:/usr/local/omniorb-4.2.1/lib/pkgconfig:/usr/local/zeromq-4.0.7/lib/pkgconfig:/home/giacomo/devel/epics/base-3.16.1/lib/pkgconfig:/usr/local/qwt-6.1.3/lib/pkgconfig'
POW_LIB=''
RANLIB='ranlib'
SED='/bin/sed'
SET_MAKE=''
SHELL='/bin/sh'
STRIP='strip'
VERSION='0.1.0'
ac_ct_AR='ar'
ac_ct_CC='gcc'
ac_ct_CXX='g++'
ac_ct_DUMPBIN=''
am__EXEEXT_FALSE=''
am__EXEEXT_TRUE='#'
am__fastdepCC_FALSE='#'
am__fastdepCC_TRUE=''
am__fastdepCXX_FALSE='#'
am__fastdepCXX_TRUE=''
am__include='include'
am__isrc=''
am__leading_dot='.'
am__nodep='_no'
am__quote=''
am__tar='$${TAR-tar} chof - "$$tardir"'
am__untar='$${TAR-tar} xf -'
bindir='${exec_prefix}/bin'
build='x86_64-pc-linux-gnu'
build_alias=''
build_cpu='x86_64'
build_os='linux-gnu'
build_vendor='pc'
cumbia_CFLAGS='-I/usr/local/include/cumbia'
cumbia_LIBS='-L/usr/local/lib -lcumbia'
datadir='${datarootdir}'
datarootdir='${prefix}/share'
docdir='${datarootdir}/doc/${PACKAGE_TARNAME}'
dvidir='${docdir}'
epics_base_CFLAGS='-D_GNU_SOURCE -D_DEFAULT_SOURCE -DUSE_TYPED_RSET -D_X86_64_ -DUNIX -Dlinux -mtune=generic -m64 -I/archivi/devel/epics/base-3.16.1/include -I/archivi/devel/epics/base-3.16.1/include/os/Linux -I/archivi/devel/epics/base-3.16.1/include/compiler/gcc'
epics_base_LIBS='-L/archivi/devel/epics/base-3.16.1/lib/linux-x86_64 -rdynamic -m64'
exec_prefix='${prefix}'
host='x86_64-pc-linux-gnu'
host_alias=''
host_cpu='x86_64'
host_os='linux-gnu'
host_vendor='pc'
htmldir='${docdir}'
includedir='/usr/local/include/cumbia-epics'
infodir='${datarootdir}/info'
install_sh='${SHELL} /home/giacomo/devel/utils/git/cppqtclients/cumbia-epics/install-sh'
libdir='${exec_prefix}/lib'
libexecdir='${exec_prefix}/libexec'
localedir='${datarootdir}/locale'
localstatedir='${prefix}/var'
mandir='${datarootdir}/man'
mkdir_p='$(MKDIR_P)'
oldincludedir='/usr/include'
pdfdir='${docdir}'
prefix='/usr/local'
program_transform_name='s,x,x,'
psdir='${docdir}'
sbindir='${exec_prefix}/sbin'
sharedstatedir='${prefix}/com'
sysconfdir='${prefix}/etc'
target_alias=''

## ----------- ##
## confdefs.h. ##
## ----------- ##

/* confdefs.h */
#define PACKAGE_NAME "cumbia-epics"
#define PACKAGE_TARNAME "cumbia-epics"
#define PACKAGE_VERSION "0.1.0"
#define PACKAGE_STRING "cumbia-epics 0.1.0"
#define PACKAGE_BUGREPORT "giacomo.strangolino@elettra.trieste.it"
#define PACKAGE_URL ""
#define STDC_HEADERS 1
#define HAVE_SYS_TYPES_H 1
#define HAVE_SYS_STAT_H 1
#define HAVE_STDLIB_H 1
#define HAVE_STRING_H 1
#define HAVE_MEMORY_H 1
#define HAVE_STRINGS_H 1
#define HAVE_INTTYPES_H 1
#define HAVE_STDINT_H 1
#define HAVE_UNISTD_H 1
#define HAVE_DLFCN_H 1
#define LT_OBJDIR ".libs/"
#define PACKAGE "cumbia-epics"
#define VERSION "0.1.0"
#define HAVE_LIBGL 1
#define HAVE_LIBPTHREAD 1
#define HAVE_FLOAT_H 1
#define HAVE_LIMITS_H 1
#define HAVE_STDLIB_H 1
#define HAVE_STRING_H 1
#define HAVE_STRINGS_H 1
#define HAVE_SYS_TIME_H 1
#define HAVE_UNISTD_H 1
#define HAVE_MATH_H 1
#define TIME_WITH_SYS_TIME 1
#define HAVE_SYS_TIME_H 1
#define HAVE_UNISTD_H 1
#define HAVE_ALARM 1
#define HAVE_STDLIB_H 1
#define HAVE_REALLOC 1
#define HAVE_GETTIMEOFDAY 1
#define HAVE_LOCALTIME_R 1
#define HAVE_MEMSET 1
#define HAVE_SELECT 1
#define HAVE_STRCASECMP 1
#define HAVE_STRCHR 1
#define HAVE_STRERROR 1
#define HAVE_STRSTR 1
#define HAVE_STRTOL 1
#define HAVE_STRTOUL 1
#define HAVE_CXX11 1
#define CUMBIA_PRINTINFO 1

configure: exit 0
